synthesis:  version Diamond (64-bit) 3.11.2.446

Copyright (c) 1991-1994 by NeoCAD Inc. All rights reserved.
Copyright (c) 1995 AT&T Corp.   All rights reserved.
Copyright (c) 1995-2001 Lucent Technologies Inc.  All rights reserved.
Copyright (c) 2001 Agere Systems   All rights reserved.
Copyright (c) 2002-2019 Lattice Semiconductor Corporation,  All rights reserved.
Sun Sep 13 15:49:48 2020


Command Line:  synthesis -f Drone2EthanFork_impl1_lattice.synproj -gui -msgset C:/Users/mintbox/Documents/LatticeDiamondProjects/Ethans-Fork-Drone2-Capstone/Drone2_LS_Capstone/Source-Code/Drone2EthanFork/promote.xml 

Synthesis options:
The -a option is MachXO3LF.
The -s option is 5.
The -t option is CABGA256.
The -d option is LCMXO3LF-6900C.
Using package CABGA256.
Using performance grade 5.
                                                          

##########################################################

### Lattice Family : MachXO3LF

### Device  : LCMXO3LF-6900C

### Package : CABGA256

### Speed   : 5

##########################################################

                                                          

INFO - synthesis: User-Selected Strategy Settings
Optimization goal = Timing
Top-level module name = drone2.
Target frequency = 38.000000 MHz.
Maximum fanout = 1000.
Timing path count = 3
BRAM utilization = 100.000000 %
DSP usage = true
DSP utilization = 100.000000 %
fsm_encoding_style = binary
resolve_mixed_drivers = 0
fix_gated_clocks = 1

Mux style = Auto
Use Carry Chain = true
carry_chain_length = 0
Loop Limit = 1950.
Use IO Insertion = TRUE
Use IO Reg = AUTO

Resource Sharing = TRUE
Propagate Constants = TRUE
Remove Duplicate Registers = TRUE
force_gsr = auto
ROM style = auto
RAM style = auto
The -comp option is FALSE.
The -syn option is FALSE.
-p C:/Users/mintbox/Documents/LatticeDiamondProjects/Ethans-Fork-Drone2-Capstone/Drone2_LS_Capstone/Source-Code/Drone2EthanFork (searchpath added)
-p C:/lscc/diamond/3.11_x64/ispfpga/xo3c00f/data (searchpath added)
-p C:/Users/mintbox/Documents/LatticeDiamondProjects/Ethans-Fork-Drone2-Capstone/Drone2_LS_Capstone/Source-Code/Drone2EthanFork/impl1 (searchpath added)
-p C:/Users/mintbox/Documents/LatticeDiamondProjects/Ethans-Fork-Drone2-Capstone/Drone2_LS_Capstone/Source-Code/Drone2EthanFork (searchpath added)
Verilog design file = C:/Users/mintbox/Documents/LatticeDiamondProjects/Ethans-Fork-Drone2-Capstone/Drone2_LS_Capstone/Source-Code/Drone2EthanFork/impl1/source/I2C_EFB_WB.v
Verilog design file = C:/Users/mintbox/Documents/LatticeDiamondProjects/Ethans-Fork-Drone2-Capstone/Drone2_LS_Capstone/Source-Code/Drone2EthanFork/impl1/source/bno055_defines.v
Verilog design file = C:/Users/mintbox/Documents/LatticeDiamondProjects/Ethans-Fork-Drone2-Capstone/Drone2_LS_Capstone/Source-Code/Drone2EthanFork/impl1/source/common_defines.v
Verilog design file = C:/Users/mintbox/Documents/LatticeDiamondProjects/Ethans-Fork-Drone2-Capstone/Drone2_LS_Capstone/Source-Code/Drone2EthanFork/impl1/source/drone2.v
Verilog design file = C:/Users/mintbox/Documents/LatticeDiamondProjects/Ethans-Fork-Drone2-Capstone/Drone2_LS_Capstone/Source-Code/Drone2EthanFork/impl1/source/i2c_module_defines.v
Verilog design file = C:/Users/mintbox/Documents/LatticeDiamondProjects/Ethans-Fork-Drone2-Capstone/Drone2_LS_Capstone/Source-Code/Drone2EthanFork/impl1/source/i2c_module_top.v
Verilog design file = C:/Users/mintbox/Documents/LatticeDiamondProjects/Ethans-Fork-Drone2-Capstone/Drone2_LS_Capstone/Source-Code/Drone2EthanFork/impl1/source/pid.v
Verilog design file = C:/Users/mintbox/Documents/LatticeDiamondProjects/Ethans-Fork-Drone2-Capstone/Drone2_LS_Capstone/Source-Code/Drone2EthanFork/impl1/source/pwm_generator.v
Verilog design file = C:/Users/mintbox/Documents/LatticeDiamondProjects/Ethans-Fork-Drone2-Capstone/Drone2_LS_Capstone/Source-Code/Drone2EthanFork/impl1/source/pwm_generator_block.v
Verilog design file = C:/Users/mintbox/Documents/LatticeDiamondProjects/Ethans-Fork-Drone2-Capstone/Drone2_LS_Capstone/Source-Code/Drone2EthanFork/impl1/source/pwm_reader.v
Verilog design file = C:/Users/mintbox/Documents/LatticeDiamondProjects/Ethans-Fork-Drone2-Capstone/Drone2_LS_Capstone/Source-Code/Drone2EthanFork/impl1/source/pwm_to_value.v
Verilog design file = C:/Users/mintbox/Documents/LatticeDiamondProjects/Ethans-Fork-Drone2-Capstone/Drone2_LS_Capstone/Source-Code/Drone2EthanFork/impl1/source/receiver.v
Verilog design file = C:/Users/mintbox/Documents/LatticeDiamondProjects/Ethans-Fork-Drone2-Capstone/Drone2_LS_Capstone/Source-Code/Drone2EthanFork/impl1/source/us_clk.v
Verilog design file = C:/Users/mintbox/Documents/LatticeDiamondProjects/Ethans-Fork-Drone2-Capstone/Drone2_LS_Capstone/Source-Code/Drone2EthanFork/impl1/source/body_frame_controller.v
Verilog design file = C:/Users/mintbox/Documents/LatticeDiamondProjects/Ethans-Fork-Drone2-Capstone/Drone2_LS_Capstone/Source-Code/Drone2EthanFork/impl1/source/motor_mixer.v
Verilog design file = C:/Users/mintbox/Documents/LatticeDiamondProjects/Ethans-Fork-Drone2-Capstone/Drone2_LS_Capstone/Source-Code/Drone2EthanFork/impl1/source/pid_parameters.v
Verilog design file = C:/Users/mintbox/Documents/LatticeDiamondProjects/Ethans-Fork-Drone2-Capstone/Drone2_LS_Capstone/Source-Code/Drone2EthanFork/impl1/source/throttle_controller.v
Verilog design file = C:/Users/mintbox/Documents/LatticeDiamondProjects/Ethans-Fork-Drone2-Capstone/Drone2_LS_Capstone/Source-Code/Drone2EthanFork/impl1/source/angle_controller.v
Verilog design file = C:/Users/mintbox/Documents/LatticeDiamondProjects/Ethans-Fork-Drone2-Capstone/Drone2_LS_Capstone/Source-Code/Drone2EthanFork/impl1/source/intface.v
Verilog design file = C:/Users/mintbox/Documents/LatticeDiamondProjects/Ethans-Fork-Drone2-Capstone/Drone2_LS_Capstone/Source-Code/Drone2EthanFork/impl1/source/rxcver.v
Verilog design file = C:/Users/mintbox/Documents/LatticeDiamondProjects/Ethans-Fork-Drone2-Capstone/Drone2_LS_Capstone/Source-Code/Drone2EthanFork/impl1/source/uart_top.v
Verilog design file = C:/Users/mintbox/Documents/LatticeDiamondProjects/Ethans-Fork-Drone2-Capstone/Drone2_LS_Capstone/Source-Code/Drone2EthanFork/impl1/source/uart_core.v
Verilog design file = C:/Users/mintbox/Documents/LatticeDiamondProjects/Ethans-Fork-Drone2-Capstone/Drone2_LS_Capstone/Source-Code/Drone2EthanFork/impl1/source/txmitt.v
Verilog design file = C:/Users/mintbox/Documents/LatticeDiamondProjects/Ethans-Fork-Drone2-Capstone/Drone2_LS_Capstone/Source-Code/Drone2EthanFork/impl1/source/modem.v
Verilog design file = C:/Users/mintbox/Documents/LatticeDiamondProjects/Ethans-Fork-Drone2-Capstone/Drone2_LS_Capstone/Source-Code/Drone2EthanFork/impl1/source/yaw_angle_accumulator.v
Verilog design file = C:/Users/mintbox/Documents/LatticeDiamondProjects/Ethans-Fork-Drone2-Capstone/Drone2_LS_Capstone/Source-Code/Drone2EthanFork/impl1/source/flight_mode.v
Verilog design file = C:/Users/mintbox/Documents/LatticeDiamondProjects/Ethans-Fork-Drone2-Capstone/Drone2_LS_Capstone/Source-Code/Drone2EthanFork/impl1/source/auto_mode_controller.v
Verilog design file = C:/Users/mintbox/Documents/LatticeDiamondProjects/Ethans-Fork-Drone2-Capstone/Drone2_LS_Capstone/Source-Code/Drone2EthanFork/impl1/source/i2c_device_driver.v
Verilog design file = C:/Users/mintbox/Documents/LatticeDiamondProjects/Ethans-Fork-Drone2-Capstone/Drone2_LS_Capstone/Source-Code/Drone2EthanFork/impl1/source/i2c_driver_defines.v
Verilog design file = C:/Users/mintbox/Documents/LatticeDiamondProjects/Ethans-Fork-Drone2-Capstone/Drone2_LS_Capstone/Source-Code/Drone2EthanFork/impl1/source/z_linear_velocity_comp.v
NGD file = Drone2EthanFork_impl1.ngd
-sdc option: SDC file input not used.
-lpf option: Output file option is ON.
Hardtimer checking is enabled (default). The -dt option is not used.
The -r option is OFF. [ Remove LOC Properties is OFF. ]
Technology check ok...

Analyzing Verilog file C:/lscc/diamond/3.11_x64/ispfpga/userware/NT/SYNTHESIS_HEADERS/machxo3l.v. VERI-1482
Compile design.
Compile Design Begin
Analyzing Verilog file c:/users/mintbox/documents/latticediamondprojects/ethans-fork-drone2-capstone/drone2_ls_capstone/source-code/drone2ethanfork/impl1/source/i2c_efb_wb.v. VERI-1482
Analyzing Verilog file c:/users/mintbox/documents/latticediamondprojects/ethans-fork-drone2-capstone/drone2_ls_capstone/source-code/drone2ethanfork/impl1/source/bno055_defines.v. VERI-1482
Analyzing Verilog file c:/users/mintbox/documents/latticediamondprojects/ethans-fork-drone2-capstone/drone2_ls_capstone/source-code/drone2ethanfork/impl1/source/common_defines.v. VERI-1482
Analyzing Verilog file c:/users/mintbox/documents/latticediamondprojects/ethans-fork-drone2-capstone/drone2_ls_capstone/source-code/drone2ethanfork/impl1/source/drone2.v. VERI-1482
INFO - synthesis: c:/users/mintbox/documents/latticediamondprojects/ethans-fork-drone2-capstone/drone2_ls_capstone/source-code/drone2ethanfork/impl1/source/drone2.v(40): analyzing included file c:/users/mintbox/documents/latticediamondprojects/ethans-fork-drone2-capstone/drone2_ls_capstone/source-code/drone2ethanfork/impl1/source/common_defines.v. VERI-1328
Analyzing Verilog file c:/users/mintbox/documents/latticediamondprojects/ethans-fork-drone2-capstone/drone2_ls_capstone/source-code/drone2ethanfork/impl1/source/i2c_module_defines.v. VERI-1482
Analyzing Verilog file c:/users/mintbox/documents/latticediamondprojects/ethans-fork-drone2-capstone/drone2_ls_capstone/source-code/drone2ethanfork/impl1/source/i2c_module_top.v. VERI-1482
INFO - synthesis: c:/users/mintbox/documents/latticediamondprojects/ethans-fork-drone2-capstone/drone2_ls_capstone/source-code/drone2ethanfork/impl1/source/i2c_module_top.v(12): analyzing included file c:/users/mintbox/documents/latticediamondprojects/ethans-fork-drone2-capstone/drone2_ls_capstone/source-code/drone2ethanfork/impl1/source/common_defines.v. VERI-1328
INFO - synthesis: c:/users/mintbox/documents/latticediamondprojects/ethans-fork-drone2-capstone/drone2_ls_capstone/source-code/drone2ethanfork/impl1/source/i2c_module_top.v(13): analyzing included file c:/users/mintbox/documents/latticediamondprojects/ethans-fork-drone2-capstone/drone2_ls_capstone/source-code/drone2ethanfork/impl1/source/i2c_module_defines.v. VERI-1328
Analyzing Verilog file c:/users/mintbox/documents/latticediamondprojects/ethans-fork-drone2-capstone/drone2_ls_capstone/source-code/drone2ethanfork/impl1/source/pid.v. VERI-1482
INFO - synthesis: c:/users/mintbox/documents/latticediamondprojects/ethans-fork-drone2-capstone/drone2_ls_capstone/source-code/drone2ethanfork/impl1/source/pid.v(19): analyzing included file c:/users/mintbox/documents/latticediamondprojects/ethans-fork-drone2-capstone/drone2_ls_capstone/source-code/drone2ethanfork/impl1/source/common_defines.v. VERI-1328
Analyzing Verilog file c:/users/mintbox/documents/latticediamondprojects/ethans-fork-drone2-capstone/drone2_ls_capstone/source-code/drone2ethanfork/impl1/source/pwm_generator.v. VERI-1482
INFO - synthesis: c:/users/mintbox/documents/latticediamondprojects/ethans-fork-drone2-capstone/drone2_ls_capstone/source-code/drone2ethanfork/impl1/source/pwm_generator.v(27): analyzing included file c:/users/mintbox/documents/latticediamondprojects/ethans-fork-drone2-capstone/drone2_ls_capstone/source-code/drone2ethanfork/impl1/source/common_defines.v. VERI-1328
Analyzing Verilog file c:/users/mintbox/documents/latticediamondprojects/ethans-fork-drone2-capstone/drone2_ls_capstone/source-code/drone2ethanfork/impl1/source/pwm_generator_block.v. VERI-1482
INFO - synthesis: c:/users/mintbox/documents/latticediamondprojects/ethans-fork-drone2-capstone/drone2_ls_capstone/source-code/drone2ethanfork/impl1/source/pwm_generator_block.v(28): analyzing included file c:/users/mintbox/documents/latticediamondprojects/ethans-fork-drone2-capstone/drone2_ls_capstone/source-code/drone2ethanfork/impl1/source/common_defines.v. VERI-1328
Analyzing Verilog file c:/users/mintbox/documents/latticediamondprojects/ethans-fork-drone2-capstone/drone2_ls_capstone/source-code/drone2ethanfork/impl1/source/pwm_reader.v. VERI-1482
INFO - synthesis: c:/users/mintbox/documents/latticediamondprojects/ethans-fork-drone2-capstone/drone2_ls_capstone/source-code/drone2ethanfork/impl1/source/pwm_reader.v(29): analyzing included file c:/users/mintbox/documents/latticediamondprojects/ethans-fork-drone2-capstone/drone2_ls_capstone/source-code/drone2ethanfork/impl1/source/common_defines.v. VERI-1328
Analyzing Verilog file c:/users/mintbox/documents/latticediamondprojects/ethans-fork-drone2-capstone/drone2_ls_capstone/source-code/drone2ethanfork/impl1/source/pwm_to_value.v. VERI-1482
INFO - synthesis: c:/users/mintbox/documents/latticediamondprojects/ethans-fork-drone2-capstone/drone2_ls_capstone/source-code/drone2ethanfork/impl1/source/pwm_to_value.v(24): analyzing included file c:/users/mintbox/documents/latticediamondprojects/ethans-fork-drone2-capstone/drone2_ls_capstone/source-code/drone2ethanfork/impl1/source/common_defines.v. VERI-1328
Analyzing Verilog file c:/users/mintbox/documents/latticediamondprojects/ethans-fork-drone2-capstone/drone2_ls_capstone/source-code/drone2ethanfork/impl1/source/receiver.v. VERI-1482
INFO - synthesis: c:/users/mintbox/documents/latticediamondprojects/ethans-fork-drone2-capstone/drone2_ls_capstone/source-code/drone2ethanfork/impl1/source/receiver.v(30): analyzing included file c:/users/mintbox/documents/latticediamondprojects/ethans-fork-drone2-capstone/drone2_ls_capstone/source-code/drone2ethanfork/impl1/source/common_defines.v. VERI-1328
Analyzing Verilog file c:/users/mintbox/documents/latticediamondprojects/ethans-fork-drone2-capstone/drone2_ls_capstone/source-code/drone2ethanfork/impl1/source/us_clk.v. VERI-1482
Analyzing Verilog file c:/users/mintbox/documents/latticediamondprojects/ethans-fork-drone2-capstone/drone2_ls_capstone/source-code/drone2ethanfork/impl1/source/body_frame_controller.v. VERI-1482
INFO - synthesis: c:/users/mintbox/documents/latticediamondprojects/ethans-fork-drone2-capstone/drone2_ls_capstone/source-code/drone2ethanfork/impl1/source/body_frame_controller.v(38): analyzing included file c:/users/mintbox/documents/latticediamondprojects/ethans-fork-drone2-capstone/drone2_ls_capstone/source-code/drone2ethanfork/impl1/source/common_defines.v. VERI-1328
INFO - synthesis: c:/users/mintbox/documents/latticediamondprojects/ethans-fork-drone2-capstone/drone2_ls_capstone/source-code/drone2ethanfork/impl1/source/body_frame_controller.v(39): analyzing included file c:/users/mintbox/documents/latticediamondprojects/ethans-fork-drone2-capstone/drone2_ls_capstone/source-code/drone2ethanfork/impl1/source/pid_parameters.v. VERI-1328
Analyzing Verilog file c:/users/mintbox/documents/latticediamondprojects/ethans-fork-drone2-capstone/drone2_ls_capstone/source-code/drone2ethanfork/impl1/source/motor_mixer.v. VERI-1482
INFO - synthesis: c:/users/mintbox/documents/latticediamondprojects/ethans-fork-drone2-capstone/drone2_ls_capstone/source-code/drone2ethanfork/impl1/source/motor_mixer.v(62): analyzing included file c:/users/mintbox/documents/latticediamondprojects/ethans-fork-drone2-capstone/drone2_ls_capstone/source-code/drone2ethanfork/impl1/source/common_defines.v. VERI-1328
Analyzing Verilog file c:/users/mintbox/documents/latticediamondprojects/ethans-fork-drone2-capstone/drone2_ls_capstone/source-code/drone2ethanfork/impl1/source/pid_parameters.v. VERI-1482
Analyzing Verilog file c:/users/mintbox/documents/latticediamondprojects/ethans-fork-drone2-capstone/drone2_ls_capstone/source-code/drone2ethanfork/impl1/source/throttle_controller.v. VERI-1482
INFO - synthesis: c:/users/mintbox/documents/latticediamondprojects/ethans-fork-drone2-capstone/drone2_ls_capstone/source-code/drone2ethanfork/impl1/source/throttle_controller.v(16): analyzing included file c:/users/mintbox/documents/latticediamondprojects/ethans-fork-drone2-capstone/drone2_ls_capstone/source-code/drone2ethanfork/impl1/source/common_defines.v. VERI-1328
Analyzing Verilog file c:/users/mintbox/documents/latticediamondprojects/ethans-fork-drone2-capstone/drone2_ls_capstone/source-code/drone2ethanfork/impl1/source/angle_controller.v. VERI-1482
INFO - synthesis: c:/users/mintbox/documents/latticediamondprojects/ethans-fork-drone2-capstone/drone2_ls_capstone/source-code/drone2ethanfork/impl1/source/angle_controller.v(33): analyzing included file c:/users/mintbox/documents/latticediamondprojects/ethans-fork-drone2-capstone/drone2_ls_capstone/source-code/drone2ethanfork/impl1/source/common_defines.v. VERI-1328
INFO - synthesis: c:/users/mintbox/documents/latticediamondprojects/ethans-fork-drone2-capstone/drone2_ls_capstone/source-code/drone2ethanfork/impl1/source/angle_controller.v(34): analyzing included file c:/users/mintbox/documents/latticediamondprojects/ethans-fork-drone2-capstone/drone2_ls_capstone/source-code/drone2ethanfork/impl1/source/pid_parameters.v. VERI-1328
Analyzing Verilog file c:/users/mintbox/documents/latticediamondprojects/ethans-fork-drone2-capstone/drone2_ls_capstone/source-code/drone2ethanfork/impl1/source/intface.v. VERI-1482
Analyzing Verilog file c:/users/mintbox/documents/latticediamondprojects/ethans-fork-drone2-capstone/drone2_ls_capstone/source-code/drone2ethanfork/impl1/source/rxcver.v. VERI-1482
Analyzing Verilog file c:/users/mintbox/documents/latticediamondprojects/ethans-fork-drone2-capstone/drone2_ls_capstone/source-code/drone2ethanfork/impl1/source/uart_top.v. VERI-1482
INFO - synthesis: c:/users/mintbox/documents/latticediamondprojects/ethans-fork-drone2-capstone/drone2_ls_capstone/source-code/drone2ethanfork/impl1/source/uart_top.v(17): analyzing included file c:/users/mintbox/documents/latticediamondprojects/ethans-fork-drone2-capstone/drone2_ls_capstone/source-code/drone2ethanfork/impl1/source/common_defines.v. VERI-1328
Analyzing Verilog file c:/users/mintbox/documents/latticediamondprojects/ethans-fork-drone2-capstone/drone2_ls_capstone/source-code/drone2ethanfork/impl1/source/uart_core.v. VERI-1482
Analyzing Verilog file c:/users/mintbox/documents/latticediamondprojects/ethans-fork-drone2-capstone/drone2_ls_capstone/source-code/drone2ethanfork/impl1/source/txmitt.v. VERI-1482
Analyzing Verilog file c:/users/mintbox/documents/latticediamondprojects/ethans-fork-drone2-capstone/drone2_ls_capstone/source-code/drone2ethanfork/impl1/source/modem.v. VERI-1482
Analyzing Verilog file c:/users/mintbox/documents/latticediamondprojects/ethans-fork-drone2-capstone/drone2_ls_capstone/source-code/drone2ethanfork/impl1/source/yaw_angle_accumulator.v. VERI-1482
INFO - synthesis: c:/users/mintbox/documents/latticediamondprojects/ethans-fork-drone2-capstone/drone2_ls_capstone/source-code/drone2ethanfork/impl1/source/yaw_angle_accumulator.v(27): analyzing included file c:/users/mintbox/documents/latticediamondprojects/ethans-fork-drone2-capstone/drone2_ls_capstone/source-code/drone2ethanfork/impl1/source/common_defines.v. VERI-1328
INFO - synthesis: c:/users/mintbox/documents/latticediamondprojects/ethans-fork-drone2-capstone/drone2_ls_capstone/source-code/drone2ethanfork/impl1/source/yaw_angle_accumulator.v(28): analyzing included file c:/users/mintbox/documents/latticediamondprojects/ethans-fork-drone2-capstone/drone2_ls_capstone/source-code/drone2ethanfork/impl1/source/pid_parameters.v. VERI-1328
Analyzing Verilog file c:/users/mintbox/documents/latticediamondprojects/ethans-fork-drone2-capstone/drone2_ls_capstone/source-code/drone2ethanfork/impl1/source/flight_mode.v. VERI-1482
INFO - synthesis: c:/users/mintbox/documents/latticediamondprojects/ethans-fork-drone2-capstone/drone2_ls_capstone/source-code/drone2ethanfork/impl1/source/flight_mode.v(16): analyzing included file c:/users/mintbox/documents/latticediamondprojects/ethans-fork-drone2-capstone/drone2_ls_capstone/source-code/drone2ethanfork/impl1/source/common_defines.v. VERI-1328
Analyzing Verilog file c:/users/mintbox/documents/latticediamondprojects/ethans-fork-drone2-capstone/drone2_ls_capstone/source-code/drone2ethanfork/impl1/source/auto_mode_controller.v. VERI-1482
INFO - synthesis: c:/users/mintbox/documents/latticediamondprojects/ethans-fork-drone2-capstone/drone2_ls_capstone/source-code/drone2ethanfork/impl1/source/auto_mode_controller.v(16): analyzing included file c:/users/mintbox/documents/latticediamondprojects/ethans-fork-drone2-capstone/drone2_ls_capstone/source-code/drone2ethanfork/impl1/source/common_defines.v. VERI-1328
Analyzing Verilog file c:/users/mintbox/documents/latticediamondprojects/ethans-fork-drone2-capstone/drone2_ls_capstone/source-code/drone2ethanfork/impl1/source/i2c_device_driver.v. VERI-1482
INFO - synthesis: c:/users/mintbox/documents/latticediamondprojects/ethans-fork-drone2-capstone/drone2_ls_capstone/source-code/drone2ethanfork/impl1/source/i2c_device_driver.v(33): analyzing included file c:/users/mintbox/documents/latticediamondprojects/ethans-fork-drone2-capstone/drone2_ls_capstone/source-code/drone2ethanfork/impl1/source/common_defines.v. VERI-1328
INFO - synthesis: c:/users/mintbox/documents/latticediamondprojects/ethans-fork-drone2-capstone/drone2_ls_capstone/source-code/drone2ethanfork/impl1/source/i2c_device_driver.v(34): analyzing included file c:/users/mintbox/documents/latticediamondprojects/ethans-fork-drone2-capstone/drone2_ls_capstone/source-code/drone2ethanfork/impl1/source/bno055_defines.v. VERI-1328
INFO - synthesis: c:/users/mintbox/documents/latticediamondprojects/ethans-fork-drone2-capstone/drone2_ls_capstone/source-code/drone2ethanfork/impl1/source/i2c_device_driver.v(35): analyzing included file c:/users/mintbox/documents/latticediamondprojects/ethans-fork-drone2-capstone/drone2_ls_capstone/source-code/drone2ethanfork/impl1/source/VL53L1X_defines.v. VERI-1328
INFO - synthesis: c:/users/mintbox/documents/latticediamondprojects/ethans-fork-drone2-capstone/drone2_ls_capstone/source-code/drone2ethanfork/impl1/source/i2c_device_driver.v(36): analyzing included file c:/users/mintbox/documents/latticediamondprojects/ethans-fork-drone2-capstone/drone2_ls_capstone/source-code/drone2ethanfork/impl1/source/i2c_driver_defines.v. VERI-1328
Analyzing Verilog file c:/users/mintbox/documents/latticediamondprojects/ethans-fork-drone2-capstone/drone2_ls_capstone/source-code/drone2ethanfork/impl1/source/i2c_driver_defines.v. VERI-1482
Analyzing Verilog file c:/users/mintbox/documents/latticediamondprojects/ethans-fork-drone2-capstone/drone2_ls_capstone/source-code/drone2ethanfork/impl1/source/z_linear_velocity_comp.v. VERI-1482
INFO - synthesis: c:/users/mintbox/documents/latticediamondprojects/ethans-fork-drone2-capstone/drone2_ls_capstone/source-code/drone2ethanfork/impl1/source/z_linear_velocity_comp.v(16): analyzing included file c:/users/mintbox/documents/latticediamondprojects/ethans-fork-drone2-capstone/drone2_ls_capstone/source-code/drone2ethanfork/impl1/source/common_defines.v. VERI-1328
Analyzing Verilog file C:/lscc/diamond/3.11_x64/ispfpga/userware/NT/SYNTHESIS_HEADERS/machxo3l.v. VERI-1482
Top module name (Verilog): drone2
INFO - synthesis: c:/users/mintbox/documents/latticediamondprojects/ethans-fork-drone2-capstone/drone2_ls_capstone/source-code/drone2ethanfork/impl1/source/drone2.v(42): compiling module drone2. VERI-1018
INFO - synthesis: C:/lscc/diamond/3.11_x64/ispfpga/userware/NT/SYNTHESIS_HEADERS/machxo3l.v(1759): compiling module OSCH(NOM_FREQ="38.00"). VERI-1018
INFO - synthesis: c:/users/mintbox/documents/latticediamondprojects/ethans-fork-drone2-capstone/drone2_ls_capstone/source-code/drone2ethanfork/impl1/source/us_clk.v(17): compiling module us_clk. VERI-1018
INFO - synthesis: c:/users/mintbox/documents/latticediamondprojects/ethans-fork-drone2-capstone/drone2_ls_capstone/source-code/drone2ethanfork/impl1/source/receiver.v(32): compiling module receiver. VERI-1018
INFO - synthesis: c:/users/mintbox/documents/latticediamondprojects/ethans-fork-drone2-capstone/drone2_ls_capstone/source-code/drone2ethanfork/impl1/source/pwm_reader.v(31): compiling module pwm_reader(DEFAULT_PWM_TIME_HIGH_US=16'b01111101000). VERI-1018
INFO - synthesis: c:/users/mintbox/documents/latticediamondprojects/ethans-fork-drone2-capstone/drone2_ls_capstone/source-code/drone2ethanfork/impl1/source/pwm_to_value.v(26): compiling module pwm_to_value. VERI-1018
INFO - synthesis: c:/users/mintbox/documents/latticediamondprojects/ethans-fork-drone2-capstone/drone2_ls_capstone/source-code/drone2ethanfork/impl1/source/pwm_reader.v(31): compiling module pwm_reader. VERI-1018
INFO - synthesis: c:/users/mintbox/documents/latticediamondprojects/ethans-fork-drone2-capstone/drone2_ls_capstone/source-code/drone2ethanfork/impl1/source/flight_mode.v(18): compiling module flight_mode. VERI-1018
INFO - synthesis: c:/users/mintbox/documents/latticediamondprojects/ethans-fork-drone2-capstone/drone2_ls_capstone/source-code/drone2ethanfork/impl1/source/i2c_device_driver.v(38): compiling module i2c_device_driver(INIT_INTERVAL=16'b01111101000,POLL_INTERVAL=16'b010100). VERI-1018
INFO - synthesis: c:/users/mintbox/documents/latticediamondprojects/ethans-fork-drone2-capstone/drone2_ls_capstone/source-code/drone2ethanfork/impl1/source/i2c_module_top.v(15): compiling module i2c_module. VERI-1018
INFO - synthesis: c:/users/mintbox/documents/latticediamondprojects/ethans-fork-drone2-capstone/drone2_ls_capstone/source-code/drone2ethanfork/impl1/source/i2c_efb_wb.v(8): compiling module I2C_EFB_WB. VERI-1018
INFO - synthesis: C:/lscc/diamond/3.11_x64/ispfpga/userware/NT/SYNTHESIS_HEADERS/machxo3l.v(1120): compiling module VHI. VERI-1018
INFO - synthesis: C:/lscc/diamond/3.11_x64/ispfpga/userware/NT/SYNTHESIS_HEADERS/machxo3l.v(1124): compiling module VLO. VERI-1018
INFO - synthesis: C:/lscc/diamond/3.11_x64/ispfpga/userware/NT/SYNTHESIS_HEADERS/machxo3l.v(82): compiling module BB. VERI-1018
INFO - synthesis: C:/lscc/diamond/3.11_x64/ispfpga/userware/NT/SYNTHESIS_HEADERS/machxo3l.v(1766): compiling module EFB_renamed_due_excessive_length_1. VERI-1018
INFO - synthesis: c:/users/mintbox/documents/latticediamondprojects/ethans-fork-drone2-capstone/drone2_ls_capstone/source-code/drone2ethanfork/impl1/source/z_linear_velocity_comp.v(18): compiling module z_linear_velocity_comp. VERI-1018
INFO - synthesis: c:/users/mintbox/documents/latticediamondprojects/ethans-fork-drone2-capstone/drone2_ls_capstone/source-code/drone2ethanfork/impl1/source/auto_mode_controller.v(18): compiling module auto_mode_controller. VERI-1018
INFO - synthesis: c:/users/mintbox/documents/latticediamondprojects/ethans-fork-drone2-capstone/drone2_ls_capstone/source-code/drone2ethanfork/impl1/source/throttle_controller.v(18): compiling module throttle_controller. VERI-1018
INFO - synthesis: c:/users/mintbox/documents/latticediamondprojects/ethans-fork-drone2-capstone/drone2_ls_capstone/source-code/drone2ethanfork/impl1/source/yaw_angle_accumulator.v(35): compiling module yaw_angle_accumulator. VERI-1018
INFO - synthesis: c:/users/mintbox/documents/latticediamondprojects/ethans-fork-drone2-capstone/drone2_ls_capstone/source-code/drone2ethanfork/impl1/source/angle_controller.v(36): compiling module angle_controller. VERI-1018
INFO - synthesis: c:/users/mintbox/documents/latticediamondprojects/ethans-fork-drone2-capstone/drone2_ls_capstone/source-code/drone2ethanfork/impl1/source/body_frame_controller.v(41): compiling module body_frame_controller. VERI-1018
INFO - synthesis: c:/users/mintbox/documents/latticediamondprojects/ethans-fork-drone2-capstone/drone2_ls_capstone/source-code/drone2ethanfork/impl1/source/pid.v(21): compiling module pid(RATE_MIN=16'sb1111000001100000,RATE_MAX=16'sb0111110100000,K_P=16'sb01010,K_I=16'sb0,K_D=16'sb0). VERI-1018
INFO - synthesis: c:/users/mintbox/documents/latticediamondprojects/ethans-fork-drone2-capstone/drone2_ls_capstone/source-code/drone2ethanfork/impl1/source/pid.v(21): compiling module pid(RATE_MIN=16'sb1111000001100000,RATE_MAX=16'sb0111110100000,K_P=16'sb0101,K_I=16'sb011,K_D=16'sb0100). VERI-1018
INFO - synthesis: c:/users/mintbox/documents/latticediamondprojects/ethans-fork-drone2-capstone/drone2_ls_capstone/source-code/drone2ethanfork/impl1/source/motor_mixer.v(64): compiling module motor_mixer. VERI-1018
INFO - synthesis: c:/users/mintbox/documents/latticediamondprojects/ethans-fork-drone2-capstone/drone2_ls_capstone/source-code/drone2ethanfork/impl1/source/pwm_generator.v(29): compiling module pwm_generator. VERI-1018
INFO - synthesis: c:/users/mintbox/documents/latticediamondprojects/ethans-fork-drone2-capstone/drone2_ls_capstone/source-code/drone2ethanfork/impl1/source/pwm_generator_block.v(30): compiling module pwm_generator_block. VERI-1018
INFO - synthesis: c:/users/mintbox/documents/latticediamondprojects/ethans-fork-drone2-capstone/drone2_ls_capstone/source-code/drone2ethanfork/impl1/source/uart_top.v(19): compiling module uart_top(NUM_DEBUG_ELEMENTS=8'b010010,FIXED_INTERVAL=0). VERI-1018
INFO - synthesis: c:/users/mintbox/documents/latticediamondprojects/ethans-fork-drone2-capstone/drone2_ls_capstone/source-code/drone2ethanfork/impl1/source/uart_core.v(52): compiling module uart_core(CLK_IN_MHZ=38). VERI-1018
INFO - synthesis: c:/users/mintbox/documents/latticediamondprojects/ethans-fork-drone2-capstone/drone2_ls_capstone/source-code/drone2ethanfork/impl1/source/intface.v(55): compiling module intface(CLK_IN_MHZ=38). VERI-1018
INFO - synthesis: c:/users/mintbox/documents/latticediamondprojects/ethans-fork-drone2-capstone/drone2_ls_capstone/source-code/drone2ethanfork/impl1/source/rxcver.v(53): compiling module rxcver(FIFO=0). VERI-1018
INFO - synthesis: c:/users/mintbox/documents/latticediamondprojects/ethans-fork-drone2-capstone/drone2_ls_capstone/source-code/drone2ethanfork/impl1/source/txmitt.v(51): compiling module txmitt(DATAWIDTH=8). VERI-1018
WARNING - synthesis: c:/users/mintbox/documents/latticediamondprojects/ethans-fork-drone2-capstone/drone2_ls_capstone/source-code/drone2ethanfork/impl1/source/txmitt.v(104): net thr_rd_int does not have a driver. VDB-1002
WARNING - synthesis: c:/users/mintbox/documents/latticediamondprojects/ethans-fork-drone2-capstone/drone2_ls_capstone/source-code/drone2ethanfork/impl1/source/txmitt.v(105): net thr_rd_delay does not have a driver. VDB-1002
INFO - synthesis: c:/users/mintbox/documents/latticediamondprojects/ethans-fork-drone2-capstone/drone2_ls_capstone/source-code/drone2ethanfork/impl1/source/modem.v(51): compiling module modem. VERI-1018
WARNING - synthesis: c:/users/mintbox/documents/latticediamondprojects/ethans-fork-drone2-capstone/drone2_ls_capstone/source-code/drone2ethanfork/impl1/source/drone2.v(97): net next_x_rotation_angle[15] does not have a driver. VDB-1002
WARNING - synthesis: c:/users/mintbox/documents/latticediamondprojects/ethans-fork-drone2-capstone/drone2_ls_capstone/source-code/drone2ethanfork/impl1/source/drone2.v(98): net next_y_rotation_angle[15] does not have a driver. VDB-1002
WARNING - synthesis: c:/users/mintbox/documents/latticediamondprojects/ethans-fork-drone2-capstone/drone2_ls_capstone/source-code/drone2ethanfork/impl1/source/drone2.v(99): net next_z_rotation_angle[15] does not have a driver. VDB-1002
WARNING - synthesis: c:/users/mintbox/documents/latticediamondprojects/ethans-fork-drone2-capstone/drone2_ls_capstone/source-code/drone2ethanfork/impl1/source/drone2.v(100): net next_x_rotation_rate[15] does not have a driver. VDB-1002
WARNING - synthesis: c:/users/mintbox/documents/latticediamondprojects/ethans-fork-drone2-capstone/drone2_ls_capstone/source-code/drone2ethanfork/impl1/source/drone2.v(101): net next_y_rotation_rate[15] does not have a driver. VDB-1002
WARNING - synthesis: c:/users/mintbox/documents/latticediamondprojects/ethans-fork-drone2-capstone/drone2_ls_capstone/source-code/drone2ethanfork/impl1/source/drone2.v(102): net next_z_rotation_rate[15] does not have a driver. VDB-1002
Loading NGL library 'C:/lscc/diamond/3.11_x64/ispfpga/xo2c00a/data/xo2alib.ngl'...
Loading NGL library 'C:/lscc/diamond/3.11_x64/ispfpga/xo2c00/data/xo2clib.ngl'...
Loading NGL library 'C:/lscc/diamond/3.11_x64/ispfpga/mg5g00/data/mg5glib.ngl'...
Loading NGL library 'C:/lscc/diamond/3.11_x64/ispfpga/or5g00/data/orc5glib.ngl'...
Loading device for application map from file 'xo3c6900.nph' in environment: C:/lscc/diamond/3.11_x64/ispfpga.
Package Status:                     Final          Version 1.16.
Top-level module name = drone2.
WARNING - synthesis: c:/users/mintbox/documents/latticediamondprojects/ethans-fork-drone2-capstone/drone2_ls_capstone/source-code/drone2ethanfork/impl1/source/txmitt.v(104): net thr_rd_int does not have a driver. VDB-1002
WARNING - synthesis: c:/users/mintbox/documents/latticediamondprojects/ethans-fork-drone2-capstone/drone2_ls_capstone/source-code/drone2ethanfork/impl1/source/txmitt.v(105): net thr_rd_delay does not have a driver. VDB-1002
WARNING - synthesis: I/O Port force_i2c_stall_input_n 's net has no driver and is unused.
######## Missing driver on net next_x_rotation_angle[15]. Patching with GND.
######## Missing driver on net next_x_rotation_angle[14]. Patching with GND.
######## Missing driver on net next_x_rotation_angle[13]. Patching with GND.
######## Missing driver on net next_x_rotation_angle[12]. Patching with GND.
######## Missing driver on net next_x_rotation_angle[11]. Patching with GND.
######## Missing driver on net next_x_rotation_angle[10]. Patching with GND.
######## Missing driver on net next_x_rotation_angle[9]. Patching with GND.
######## Missing driver on net next_x_rotation_angle[8]. Patching with GND.
######## Missing driver on net next_x_rotation_angle[7]. Patching with GND.
######## Missing driver on net next_x_rotation_angle[6]. Patching with GND.
######## Missing driver on net next_x_rotation_angle[5]. Patching with GND.
######## Missing driver on net next_x_rotation_angle[4]. Patching with GND.
######## Missing driver on net next_x_rotation_angle[3]. Patching with GND.
######## Missing driver on net next_x_rotation_angle[2]. Patching with GND.
######## Missing driver on net next_x_rotation_angle[1]. Patching with GND.
######## Missing driver on net next_x_rotation_angle[0]. Patching with GND.
######## Missing driver on net next_y_rotation_angle[15]. Patching with GND.
######## Missing driver on net next_y_rotation_angle[14]. Patching with GND.
######## Missing driver on net next_y_rotation_angle[13]. Patching with GND.
######## Missing driver on net next_y_rotation_angle[12]. Patching with GND.
######## Missing driver on net next_y_rotation_angle[11]. Patching with GND.
######## Missing driver on net next_y_rotation_angle[10]. Patching with GND.
######## Missing driver on net next_y_rotation_angle[9]. Patching with GND.
######## Missing driver on net next_y_rotation_angle[8]. Patching with GND.
######## Missing driver on net next_y_rotation_angle[7]. Patching with GND.
######## Missing driver on net next_y_rotation_angle[6]. Patching with GND.
######## Missing driver on net next_y_rotation_angle[5]. Patching with GND.
######## Missing driver on net next_y_rotation_angle[4]. Patching with GND.
######## Missing driver on net next_y_rotation_angle[3]. Patching with GND.
######## Missing driver on net next_y_rotation_angle[2]. Patching with GND.
######## Missing driver on net next_y_rotation_angle[1]. Patching with GND.
######## Missing driver on net next_y_rotation_angle[0]. Patching with GND.
######## Missing driver on net next_z_rotation_angle[15]. Patching with GND.
######## Missing driver on net next_z_rotation_angle[14]. Patching with GND.
######## Missing driver on net next_z_rotation_angle[13]. Patching with GND.
######## Missing driver on net next_z_rotation_angle[12]. Patching with GND.
######## Missing driver on net next_z_rotation_angle[11]. Patching with GND.
######## Missing driver on net next_z_rotation_angle[10]. Patching with GND.
######## Missing driver on net next_z_rotation_angle[9]. Patching with GND.
######## Missing driver on net next_z_rotation_angle[8]. Patching with GND.
######## Missing driver on net next_z_rotation_angle[7]. Patching with GND.
######## Missing driver on net next_z_rotation_angle[6]. Patching with GND.
######## Missing driver on net next_z_rotation_angle[5]. Patching with GND.
######## Missing driver on net next_z_rotation_angle[4]. Patching with GND.
######## Missing driver on net next_z_rotation_angle[3]. Patching with GND.
######## Missing driver on net next_z_rotation_angle[2]. Patching with GND.
######## Missing driver on net next_z_rotation_angle[1]. Patching with GND.
######## Missing driver on net next_z_rotation_angle[0]. Patching with GND.
######## Missing driver on net next_x_rotation_rate[15]. Patching with GND.
######## Missing driver on net next_x_rotation_rate[14]. Patching with GND.
######## Missing driver on net next_x_rotation_rate[13]. Patching with GND.
######## Missing driver on net next_x_rotation_rate[12]. Patching with GND.
######## Missing driver on net next_x_rotation_rate[11]. Patching with GND.
######## Missing driver on net next_x_rotation_rate[10]. Patching with GND.
######## Missing driver on net next_x_rotation_rate[9]. Patching with GND.
######## Missing driver on net next_x_rotation_rate[8]. Patching with GND.
######## Missing driver on net next_x_rotation_rate[7]. Patching with GND.
######## Missing driver on net next_x_rotation_rate[6]. Patching with GND.
######## Missing driver on net next_x_rotation_rate[5]. Patching with GND.
######## Missing driver on net next_x_rotation_rate[4]. Patching with GND.
######## Missing driver on net next_x_rotation_rate[3]. Patching with GND.
######## Missing driver on net next_x_rotation_rate[2]. Patching with GND.
######## Missing driver on net next_x_rotation_rate[1]. Patching with GND.
######## Missing driver on net next_x_rotation_rate[0]. Patching with GND.
######## Missing driver on net next_y_rotation_rate[15]. Patching with GND.
######## Missing driver on net next_y_rotation_rate[14]. Patching with GND.
######## Missing driver on net next_y_rotation_rate[13]. Patching with GND.
######## Missing driver on net next_y_rotation_rate[12]. Patching with GND.
######## Missing driver on net next_y_rotation_rate[11]. Patching with GND.
######## Missing driver on net next_y_rotation_rate[10]. Patching with GND.
######## Missing driver on net next_y_rotation_rate[9]. Patching with GND.
######## Missing driver on net next_y_rotation_rate[8]. Patching with GND.
######## Missing driver on net next_y_rotation_rate[7]. Patching with GND.
######## Missing driver on net next_y_rotation_rate[6]. Patching with GND.
######## Missing driver on net next_y_rotation_rate[5]. Patching with GND.
######## Missing driver on net next_y_rotation_rate[4]. Patching with GND.
######## Missing driver on net next_y_rotation_rate[3]. Patching with GND.
######## Missing driver on net next_y_rotation_rate[2]. Patching with GND.
######## Missing driver on net next_y_rotation_rate[1]. Patching with GND.
######## Missing driver on net next_y_rotation_rate[0]. Patching with GND.
######## Missing driver on net next_z_rotation_rate[15]. Patching with GND.
######## Missing driver on net next_z_rotation_rate[14]. Patching with GND.
######## Missing driver on net next_z_rotation_rate[13]. Patching with GND.
######## Missing driver on net next_z_rotation_rate[12]. Patching with GND.
######## Missing driver on net next_z_rotation_rate[11]. Patching with GND.
######## Missing driver on net next_z_rotation_rate[10]. Patching with GND.
######## Missing driver on net next_z_rotation_rate[9]. Patching with GND.
######## Missing driver on net next_z_rotation_rate[8]. Patching with GND.
######## Missing driver on net next_z_rotation_rate[7]. Patching with GND.
######## Missing driver on net next_z_rotation_rate[6]. Patching with GND.
######## Missing driver on net next_z_rotation_rate[5]. Patching with GND.
######## Missing driver on net next_z_rotation_rate[4]. Patching with GND.
######## Missing driver on net next_z_rotation_rate[3]. Patching with GND.
######## Missing driver on net next_z_rotation_rate[2]. Patching with GND.
######## Missing driver on net next_z_rotation_rate[1]. Patching with GND.
######## Missing driver on net next_z_rotation_rate[0]. Patching with GND.
WARNING - synthesis: Bit 0 of Register x_rotation_angle is stuck at Zero
WARNING - synthesis: Bit 1 of Register x_rotation_angle is stuck at Zero
WARNING - synthesis: Bit 2 of Register x_rotation_angle is stuck at Zero
WARNING - synthesis: Bit 3 of Register x_rotation_angle is stuck at Zero
WARNING - synthesis: Bit 4 of Register x_rotation_angle is stuck at Zero
WARNING - synthesis: Bit 5 of Register x_rotation_angle is stuck at Zero
WARNING - synthesis: Bit 6 of Register x_rotation_angle is stuck at Zero
WARNING - synthesis: Bit 7 of Register x_rotation_angle is stuck at Zero
WARNING - synthesis: Bit 8 of Register x_rotation_angle is stuck at Zero
WARNING - synthesis: Bit 9 of Register x_rotation_angle is stuck at Zero
WARNING - synthesis: Bit 10 of Register x_rotation_angle is stuck at Zero
WARNING - synthesis: Bit 11 of Register x_rotation_angle is stuck at Zero
WARNING - synthesis: Bit 12 of Register x_rotation_angle is stuck at Zero
WARNING - synthesis: Bit 13 of Register x_rotation_angle is stuck at Zero
WARNING - synthesis: Bit 14 of Register x_rotation_angle is stuck at Zero
WARNING - synthesis: Bit 15 of Register x_rotation_angle is stuck at Zero
WARNING - synthesis: Bit 0 of Register y_rotation_angle is stuck at Zero
WARNING - synthesis: Bit 1 of Register y_rotation_angle is stuck at Zero
WARNING - synthesis: Bit 2 of Register y_rotation_angle is stuck at Zero
WARNING - synthesis: Bit 3 of Register y_rotation_angle is stuck at Zero
WARNING - synthesis: Bit 4 of Register y_rotation_angle is stuck at Zero
WARNING - synthesis: Bit 5 of Register y_rotation_angle is stuck at Zero
WARNING - synthesis: Bit 6 of Register y_rotation_angle is stuck at Zero
WARNING - synthesis: Bit 7 of Register y_rotation_angle is stuck at Zero
WARNING - synthesis: Bit 8 of Register y_rotation_angle is stuck at Zero
WARNING - synthesis: Bit 9 of Register y_rotation_angle is stuck at Zero
WARNING - synthesis: Bit 10 of Register y_rotation_angle is stuck at Zero
WARNING - synthesis: Bit 11 of Register y_rotation_angle is stuck at Zero
WARNING - synthesis: Bit 12 of Register y_rotation_angle is stuck at Zero
WARNING - synthesis: Bit 13 of Register y_rotation_angle is stuck at Zero
WARNING - synthesis: Bit 14 of Register y_rotation_angle is stuck at Zero
WARNING - synthesis: Bit 15 of Register y_rotation_angle is stuck at Zero
WARNING - synthesis: Bit 0 of Register z_rotation_angle is stuck at Zero
WARNING - synthesis: Bit 1 of Register z_rotation_angle is stuck at Zero
WARNING - synthesis: Bit 2 of Register z_rotation_angle is stuck at Zero
WARNING - synthesis: Bit 3 of Register z_rotation_angle is stuck at Zero
WARNING - synthesis: Bit 4 of Register z_rotation_angle is stuck at Zero
WARNING - synthesis: Bit 5 of Register z_rotation_angle is stuck at Zero
WARNING - synthesis: Bit 6 of Register z_rotation_angle is stuck at Zero
WARNING - synthesis: Bit 7 of Register z_rotation_angle is stuck at Zero
WARNING - synthesis: Bit 8 of Register z_rotation_angle is stuck at Zero
WARNING - synthesis: Bit 9 of Register z_rotation_angle is stuck at Zero
WARNING - synthesis: Bit 10 of Register z_rotation_angle is stuck at Zero
WARNING - synthesis: Bit 11 of Register z_rotation_angle is stuck at Zero
WARNING - synthesis: Bit 12 of Register z_rotation_angle is stuck at Zero
WARNING - synthesis: Bit 13 of Register z_rotation_angle is stuck at Zero
WARNING - synthesis: Bit 14 of Register z_rotation_angle is stuck at Zero
WARNING - synthesis: Bit 15 of Register z_rotation_angle is stuck at Zero
WARNING - synthesis: Bit 0 of Register x_rotation_rate is stuck at Zero
WARNING - synthesis: Bit 1 of Register x_rotation_rate is stuck at Zero
WARNING - synthesis: Bit 2 of Register x_rotation_rate is stuck at Zero
WARNING - synthesis: Bit 3 of Register x_rotation_rate is stuck at Zero
WARNING - synthesis: Bit 4 of Register x_rotation_rate is stuck at Zero
WARNING - synthesis: Bit 5 of Register x_rotation_rate is stuck at Zero
WARNING - synthesis: Bit 6 of Register x_rotation_rate is stuck at Zero
WARNING - synthesis: Bit 7 of Register x_rotation_rate is stuck at Zero
WARNING - synthesis: Bit 8 of Register x_rotation_rate is stuck at Zero
WARNING - synthesis: Bit 9 of Register x_rotation_rate is stuck at Zero
WARNING - synthesis: Bit 10 of Register x_rotation_rate is stuck at Zero
WARNING - synthesis: Bit 11 of Register x_rotation_rate is stuck at Zero
WARNING - synthesis: Bit 12 of Register x_rotation_rate is stuck at Zero
WARNING - synthesis: Bit 13 of Register x_rotation_rate is stuck at Zero
WARNING - synthesis: Bit 14 of Register x_rotation_rate is stuck at Zero
WARNING - synthesis: Bit 15 of Register x_rotation_rate is stuck at Zero
WARNING - synthesis: Bit 0 of Register y_rotation_rate is stuck at Zero
WARNING - synthesis: Bit 1 of Register y_rotation_rate is stuck at Zero
WARNING - synthesis: Bit 2 of Register y_rotation_rate is stuck at Zero
WARNING - synthesis: Bit 3 of Register y_rotation_rate is stuck at Zero
WARNING - synthesis: Bit 4 of Register y_rotation_rate is stuck at Zero
WARNING - synthesis: Bit 5 of Register y_rotation_rate is stuck at Zero
WARNING - synthesis: Bit 6 of Register y_rotation_rate is stuck at Zero
WARNING - synthesis: Bit 7 of Register y_rotation_rate is stuck at Zero
WARNING - synthesis: Bit 8 of Register y_rotation_rate is stuck at Zero
WARNING - synthesis: Bit 9 of Register y_rotation_rate is stuck at Zero
WARNING - synthesis: Bit 10 of Register y_rotation_rate is stuck at Zero
WARNING - synthesis: Bit 11 of Register y_rotation_rate is stuck at Zero
WARNING - synthesis: Bit 12 of Register y_rotation_rate is stuck at Zero
WARNING - synthesis: Bit 13 of Register y_rotation_rate is stuck at Zero
WARNING - synthesis: Bit 14 of Register y_rotation_rate is stuck at Zero
WARNING - synthesis: Bit 15 of Register y_rotation_rate is stuck at Zero
WARNING - synthesis: Bit 0 of Register z_rotation_rate is stuck at Zero
WARNING - synthesis: Bit 1 of Register z_rotation_rate is stuck at Zero
WARNING - synthesis: Bit 2 of Register z_rotation_rate is stuck at Zero
WARNING - synthesis: Bit 3 of Register z_rotation_rate is stuck at Zero
WARNING - synthesis: Bit 4 of Register z_rotation_rate is stuck at Zero
WARNING - synthesis: Bit 5 of Register z_rotation_rate is stuck at Zero
WARNING - synthesis: Bit 6 of Register z_rotation_rate is stuck at Zero
WARNING - synthesis: Bit 7 of Register z_rotation_rate is stuck at Zero
WARNING - synthesis: Bit 8 of Register z_rotation_rate is stuck at Zero
WARNING - synthesis: Bit 9 of Register z_rotation_rate is stuck at Zero
WARNING - synthesis: Bit 10 of Register z_rotation_rate is stuck at Zero
WARNING - synthesis: Bit 11 of Register z_rotation_rate is stuck at Zero
WARNING - synthesis: Bit 12 of Register z_rotation_rate is stuck at Zero
WARNING - synthesis: Bit 13 of Register z_rotation_rate is stuck at Zero
WARNING - synthesis: Bit 14 of Register z_rotation_rate is stuck at Zero
WARNING - synthesis: Bit 15 of Register z_rotation_rate is stuck at Zero
WARNING - synthesis: Bit 0 of Register led_data is stuck at Zero
WARNING - synthesis: Bit 1 of Register led_data is stuck at Zero
WARNING - synthesis: Bit 0 of Register i2c_device_driver_return_state is stuck at Zero
WARNING - synthesis: Bit 1 of Register i2c_device_driver_return_state is stuck at Zero
WARNING - synthesis: Bit 2 of Register i2c_device_driver_return_state is stuck at Zero
WARNING - synthesis: Bit 0 of Register i2c_device_driver_state is stuck at Zero
WARNING - synthesis: Bit 1 of Register i2c_device_driver_state is stuck at Zero
WARNING - synthesis: Bit 2 of Register i2c_device_driver_state is stuck at Zero
WARNING - synthesis: c:/users/mintbox/documents/latticediamondprojects/ethans-fork-drone2-capstone/drone2_ls_capstone/source-code/drone2ethanfork/impl1/source/i2c_module_top.v(181): Register \I2C_Devices/i2c/efb_registers[0][0]_i1 is stuck at Zero. VDB-5013
WARNING - synthesis: c:/users/mintbox/documents/latticediamondprojects/ethans-fork-drone2-capstone/drone2_ls_capstone/source-code/drone2ethanfork/impl1/source/i2c_module_top.v(181): Register \I2C_Devices/i2c/efb_registers[0][0]_i7 is stuck at One. VDB-5014
WARNING - synthesis: c:/users/mintbox/documents/latticediamondprojects/ethans-fork-drone2-capstone/drone2_ls_capstone/source-code/drone2ethanfork/impl1/source/modem.v(126): Register \uart/uart_core_inst/u_modem/rin_d1_30 is stuck at One. VDB-5014
WARNING - synthesis: Bit 0 of Register led_data_out is stuck at One
Removed duplicate sequential element i2c_device_driver_state(5 bit), because it is equivalent to led_data

INFO - synthesis: Extracted state machine for register '\motor_mixer/motor_mixer_state' with sequential encoding
State machine has 4 reachable states with original encodings of:

 00 

 01 

 10 

 11 

INFO - synthesis: Extracted state machine for register '\I2C_Devices/i2c/i2c_cmd_state' with sequential encoding
State machine has 35 reachable states with original encodings of:

 000000 

 000001 

 000010 

 000011 

 000100 

 000101 

 000110 

 000111 

 001000 

 001001 

 001010 

 001011 

 001100 

 001101 

 001110 

 001111 

 010000 

 010001 

 010010 

 010011 

 010100 

 010101 

 010110 

 010111 

 011000 

 011001 

 011010 

 011011 

 011100 

 011101 

 011110 

 011111 

 100000 

 100001 

 100010 

INFO - synthesis: Extracted state machine for register '\uart/uart_core_inst/u_rxcver/cs_state' with sequential encoding
State machine has 5 reachable states with original encodings of:

 000 

 001 

 010 

 011 

 100 

INFO - synthesis: Extracted state machine for register '\uart/uart_core_inst/u_txmitt/tx_state' with sequential encoding
State machine has 7 reachable states with original encodings of:

 000 

 001 

 010 

 011 

 100 

 101 

 110 

INFO - synthesis: Extracted state machine for register '\YAAc/state' with sequential encoding
State machine has 15 reachable states with original encodings of:

 000000000000001 

 000000000000010 

 000000000000100 

 000000000001000 

 000000000010000 

 000000000100000 

 000000001000000 

 000000010000000 

 000000100000000 

 000001000000000 

 000010000000000 

 000100000000000 

 001000000000000 

 010000000000000 

 100000000000000 

INFO - synthesis: Extracted state machine for register '\AC/state' with sequential encoding
State machine has 5 reachable states with original encodings of:

 00001 

 00010 

 00100 

 01000 

 10000 

INFO - synthesis: Extracted state machine for register '\BFC/state' with sequential encoding
State machine has 4 reachable states with original encodings of:

 0001 

 0010 

 0100 

 1000 

INFO - synthesis: Extracted state machine for register '\BFC/yaw_pid/state' with sequential encoding
State machine has 6 reachable states with original encodings of:

 0000001 

 0000100 

 0001000 

 0010000 

 0100000 

 1000000 

INFO - synthesis: Extracted state machine for register '\BFC/pitch_pid/state' with sequential encoding
State machine has 6 reachable states with original encodings of:

 0000001 

 0000100 

 0001000 

 0010000 

 0100000 

 1000000 

INFO - synthesis: Extracted state machine for register '\BFC/roll_pid/state' with sequential encoding
State machine has 6 reachable states with original encodings of:

 0000001 

 0000100 

 0001000 

 0010000 

 0100000 

 1000000 

INFO - synthesis: Extracted state machine for register '\pwm_generator/pwm1/state' with sequential encoding
State machine has 3 reachable states with original encodings of:

 001 

 010 

 100 

INFO - synthesis: Extracted state machine for register '\pwm_generator/pwm2/state' with sequential encoding
State machine has 3 reachable states with original encodings of:

 001 

 010 

 100 

INFO - synthesis: Extracted state machine for register '\pwm_generator/pwm3/state' with sequential encoding
State machine has 3 reachable states with original encodings of:

 001 

 010 

 100 

INFO - synthesis: Extracted state machine for register '\pwm_generator/pwm4/state' with sequential encoding
State machine has 3 reachable states with original encodings of:

 001 

 010 

 100 




WARNING - synthesis: Bit 0 of Register \AMC/debug is stuck at Zero
WARNING - synthesis: Bit 1 of Register \AMC/debug is stuck at Zero
WARNING - synthesis: Bit 2 of Register \AMC/debug is stuck at Zero
WARNING - synthesis: Bit 3 of Register \AMC/debug is stuck at Zero
WARNING - synthesis: Bit 4 of Register \AMC/debug is stuck at Zero
WARNING - synthesis: Bit 5 of Register \AMC/debug is stuck at Zero
WARNING - synthesis: Bit 6 of Register \AMC/debug is stuck at Zero
WARNING - synthesis: Bit 0 of Register \AC/mapped_throttle is stuck at Zero
WARNING - synthesis: Bit 1 of Register \AC/mapped_throttle is stuck at Zero
WARNING - synthesis: Bit 2 of Register \AC/mapped_throttle is stuck at Zero
WARNING - synthesis: Bit 3 of Register \AC/mapped_throttle is stuck at Zero
WARNING - synthesis: Bit 12 of Register \AC/mapped_throttle is stuck at Zero
WARNING - synthesis: Bit 13 of Register \AC/mapped_throttle is stuck at Zero
WARNING - synthesis: Bit 14 of Register \AC/mapped_throttle is stuck at Zero
WARNING - synthesis: Bit 15 of Register \AC/mapped_throttle is stuck at Zero
WARNING - synthesis: Bit 14 of Register \AC/mapped_roll is stuck at Zero
WARNING - synthesis: Bit 15 of Register \AC/mapped_roll is stuck at Zero
WARNING - synthesis: Bit 14 of Register \AC/mapped_pitch is stuck at Zero
WARNING - synthesis: Bit 15 of Register \AC/mapped_pitch is stuck at Zero
WARNING - synthesis: Bit 14 of Register \AC/pitch_angle_error is stuck at Zero
WARNING - synthesis: Bit 15 of Register \AC/pitch_angle_error is stuck at Zero
WARNING - synthesis: Bit 14 of Register \AC/roll_angle_error is stuck at Zero
WARNING - synthesis: Bit 15 of Register \AC/roll_angle_error is stuck at Zero
WARNING - synthesis: Bit 0 of Register \BFC/yaw_pid/rotation_integral is stuck at Zero
WARNING - synthesis: Bit 1 of Register \BFC/yaw_pid/rotation_integral is stuck at Zero
WARNING - synthesis: Bit 2 of Register \BFC/yaw_pid/rotation_integral is stuck at Zero
WARNING - synthesis: Bit 3 of Register \BFC/yaw_pid/rotation_integral is stuck at Zero
WARNING - synthesis: Bit 4 of Register \BFC/yaw_pid/rotation_integral is stuck at Zero
WARNING - synthesis: Bit 5 of Register \BFC/yaw_pid/rotation_integral is stuck at Zero
WARNING - synthesis: Bit 6 of Register \BFC/yaw_pid/rotation_integral is stuck at Zero
WARNING - synthesis: Bit 7 of Register \BFC/yaw_pid/rotation_integral is stuck at Zero
WARNING - synthesis: Bit 8 of Register \BFC/yaw_pid/rotation_integral is stuck at Zero
WARNING - synthesis: Bit 9 of Register \BFC/yaw_pid/rotation_integral is stuck at Zero
WARNING - synthesis: Bit 10 of Register \BFC/yaw_pid/rotation_integral is stuck at Zero
WARNING - synthesis: Bit 11 of Register \BFC/yaw_pid/rotation_integral is stuck at Zero
WARNING - synthesis: Bit 12 of Register \BFC/yaw_pid/rotation_integral is stuck at Zero
WARNING - synthesis: Bit 13 of Register \BFC/yaw_pid/rotation_integral is stuck at Zero
WARNING - synthesis: Bit 14 of Register \BFC/yaw_pid/rotation_integral is stuck at Zero
WARNING - synthesis: Bit 15 of Register \BFC/yaw_pid/rotation_integral is stuck at Zero
WARNING - synthesis: Bit 0 of Register \BFC/yaw_pid/rotation_derivative is stuck at Zero
WARNING - synthesis: Bit 1 of Register \BFC/yaw_pid/rotation_derivative is stuck at Zero
WARNING - synthesis: Bit 2 of Register \BFC/yaw_pid/rotation_derivative is stuck at Zero
WARNING - synthesis: Bit 3 of Register \BFC/yaw_pid/rotation_derivative is stuck at Zero
WARNING - synthesis: Bit 4 of Register \BFC/yaw_pid/rotation_derivative is stuck at Zero
WARNING - synthesis: Bit 5 of Register \BFC/yaw_pid/rotation_derivative is stuck at Zero
WARNING - synthesis: Bit 6 of Register \BFC/yaw_pid/rotation_derivative is stuck at Zero
WARNING - synthesis: Bit 7 of Register \BFC/yaw_pid/rotation_derivative is stuck at Zero
WARNING - synthesis: Bit 8 of Register \BFC/yaw_pid/rotation_derivative is stuck at Zero
WARNING - synthesis: Bit 9 of Register \BFC/yaw_pid/rotation_derivative is stuck at Zero
WARNING - synthesis: Bit 10 of Register \BFC/yaw_pid/rotation_derivative is stuck at Zero
WARNING - synthesis: Bit 11 of Register \BFC/yaw_pid/rotation_derivative is stuck at Zero
WARNING - synthesis: Bit 12 of Register \BFC/yaw_pid/rotation_derivative is stuck at Zero
WARNING - synthesis: Bit 13 of Register \BFC/yaw_pid/rotation_derivative is stuck at Zero
WARNING - synthesis: Bit 14 of Register \BFC/yaw_pid/rotation_derivative is stuck at Zero
WARNING - synthesis: Bit 15 of Register \BFC/yaw_pid/rotation_derivative is stuck at Zero
WARNING - synthesis: Bit 5 of Register \BFC/yaw_pid/state is stuck at Zero
WARNING - synthesis: Bit 5 of Register \BFC/pitch_pid/state is stuck at Zero
WARNING - synthesis: Bit 5 of Register \BFC/roll_pid/state is stuck at Zero
Removed duplicate sequential element \BFC/latched_roll_rotation(16 bit), because it is equivalent to \BFC/latched_yaw_rotation

Removed duplicate sequential element \BFC/latched_pitch_rotation(16 bit), because it is equivalent to \BFC/latched_yaw_rotation

WARNING - synthesis: Bit 0 of Register \AMC/throttle_pwm_val_out is stuck at Zero
WARNING - synthesis: Bit 1 of Register \AMC/throttle_pwm_val_out is stuck at Zero
WARNING - synthesis: Bit 2 of Register \AMC/throttle_pwm_val_out is stuck at Zero
WARNING - synthesis: Bit 3 of Register \AMC/throttle_pwm_val_out is stuck at Zero
WARNING - synthesis: Bit 4 of Register \AMC/throttle_pwm_val_out is stuck at Zero
WARNING - synthesis: Bit 5 of Register \AMC/throttle_pwm_val_out is stuck at Zero
WARNING - synthesis: Bit 6 of Register \AMC/throttle_pwm_val_out is stuck at Zero
WARNING - synthesis: Bit 7 of Register \AMC/throttle_pwm_val_out is stuck at Zero
WARNING - synthesis: Bit 0 of Register \TC/debounced_throttle is stuck at Zero
WARNING - synthesis: Bit 1 of Register \TC/debounced_throttle is stuck at Zero
WARNING - synthesis: Bit 2 of Register \TC/debounced_throttle is stuck at Zero
WARNING - synthesis: Bit 3 of Register \TC/debounced_throttle is stuck at Zero
WARNING - synthesis: Bit 4 of Register \TC/debounced_throttle is stuck at Zero
WARNING - synthesis: Bit 5 of Register \TC/debounced_throttle is stuck at Zero
WARNING - synthesis: Bit 6 of Register \TC/debounced_throttle is stuck at Zero
WARNING - synthesis: Bit 7 of Register \TC/debounced_throttle is stuck at Zero
WARNING - synthesis: Bit 0 of Register \YAAc/latched_throttle_pwm_value is stuck at Zero
WARNING - synthesis: Bit 1 of Register \YAAc/latched_throttle_pwm_value is stuck at Zero
WARNING - synthesis: Bit 2 of Register \YAAc/latched_throttle_pwm_value is stuck at Zero
WARNING - synthesis: Bit 3 of Register \YAAc/latched_throttle_pwm_value is stuck at Zero
WARNING - synthesis: Bit 4 of Register \YAAc/latched_throttle_pwm_value is stuck at Zero
WARNING - synthesis: Bit 5 of Register \YAAc/latched_throttle_pwm_value is stuck at Zero
WARNING - synthesis: Bit 6 of Register \YAAc/latched_throttle_pwm_value is stuck at Zero
WARNING - synthesis: Bit 7 of Register \YAAc/latched_throttle_pwm_value is stuck at Zero
WARNING - synthesis: Bit 0 of Register \YAAc/latched_yaw_pwm_value is stuck at Zero
WARNING - synthesis: Bit 1 of Register \YAAc/latched_yaw_pwm_value is stuck at Zero
WARNING - synthesis: Bit 2 of Register \YAAc/latched_yaw_pwm_value is stuck at Zero
WARNING - synthesis: Bit 3 of Register \YAAc/latched_yaw_pwm_value is stuck at Zero
WARNING - synthesis: Bit 4 of Register \YAAc/latched_yaw_pwm_value is stuck at Zero
WARNING - synthesis: Bit 5 of Register \YAAc/latched_yaw_pwm_value is stuck at Zero
WARNING - synthesis: Bit 6 of Register \YAAc/latched_yaw_pwm_value is stuck at Zero
WARNING - synthesis: Bit 7 of Register \YAAc/latched_yaw_pwm_value is stuck at Zero
WARNING - synthesis: Bit 0 of Register \AC/multiplier is stuck at Zero
WARNING - synthesis: Bit 1 of Register \AC/multiplier is stuck at Zero
WARNING - synthesis: Bit 2 of Register \AC/multiplier is stuck at Zero
WARNING - synthesis: Bit 3 of Register \AC/multiplier is stuck at Zero
WARNING - synthesis: Bit 4 of Register \AC/multiplier is stuck at Zero
WARNING - synthesis: Bit 5 of Register \AC/multiplier is stuck at Zero
WARNING - synthesis: Bit 6 of Register \AC/multiplier is stuck at Zero
WARNING - synthesis: Bit 7 of Register \AC/multiplier is stuck at Zero
WARNING - synthesis: Bit 8 of Register \AC/multiplier is stuck at Zero
WARNING - synthesis: Bit 9 of Register \AC/multiplier is stuck at Zero
WARNING - synthesis: Bit 10 of Register \AC/multiplier is stuck at Zero
WARNING - synthesis: Bit 11 of Register \AC/multiplier is stuck at Zero
WARNING - synthesis: Bit 12 of Register \AC/multiplier is stuck at Zero
WARNING - synthesis: Bit 13 of Register \AC/multiplier is stuck at Zero
WARNING - synthesis: Bit 0 of Register \AC/scaled_throttle is stuck at Zero
WARNING - synthesis: Bit 1 of Register \AC/scaled_throttle is stuck at Zero
WARNING - synthesis: Bit 2 of Register \AC/scaled_throttle is stuck at Zero
WARNING - synthesis: Bit 3 of Register \AC/scaled_throttle is stuck at Zero
WARNING - synthesis: Bit 12 of Register \AC/scaled_throttle is stuck at Zero
WARNING - synthesis: Bit 13 of Register \AC/scaled_throttle is stuck at Zero
WARNING - synthesis: Bit 14 of Register \AC/scaled_throttle is stuck at Zero
WARNING - synthesis: Bit 15 of Register \AC/scaled_throttle is stuck at Zero
WARNING - synthesis: Bit 14 of Register \BFC/latched_roll_angle_error is stuck at Zero
WARNING - synthesis: Bit 15 of Register \BFC/latched_roll_angle_error is stuck at Zero
WARNING - synthesis: Bit 14 of Register \BFC/latched_pitch_angle_error is stuck at Zero
WARNING - synthesis: Bit 15 of Register \BFC/latched_pitch_angle_error is stuck at Zero
WARNING - synthesis: Bit 0 of Register \BFC/latched_yaw_rotation is stuck at Zero
WARNING - synthesis: Bit 1 of Register \BFC/latched_yaw_rotation is stuck at Zero
WARNING - synthesis: Bit 2 of Register \BFC/latched_yaw_rotation is stuck at Zero
WARNING - synthesis: Bit 3 of Register \BFC/latched_yaw_rotation is stuck at Zero
WARNING - synthesis: Bit 4 of Register \BFC/latched_yaw_rotation is stuck at Zero
WARNING - synthesis: Bit 5 of Register \BFC/latched_yaw_rotation is stuck at Zero
WARNING - synthesis: Bit 6 of Register \BFC/latched_yaw_rotation is stuck at Zero
WARNING - synthesis: Bit 7 of Register \BFC/latched_yaw_rotation is stuck at Zero
WARNING - synthesis: Bit 8 of Register \BFC/latched_yaw_rotation is stuck at Zero
WARNING - synthesis: Bit 9 of Register \BFC/latched_yaw_rotation is stuck at Zero
WARNING - synthesis: Bit 10 of Register \BFC/latched_yaw_rotation is stuck at Zero
WARNING - synthesis: Bit 11 of Register \BFC/latched_yaw_rotation is stuck at Zero
WARNING - synthesis: Bit 12 of Register \BFC/latched_yaw_rotation is stuck at Zero
WARNING - synthesis: Bit 13 of Register \BFC/latched_yaw_rotation is stuck at Zero
WARNING - synthesis: Bit 14 of Register \BFC/latched_yaw_rotation is stuck at Zero
WARNING - synthesis: Bit 15 of Register \BFC/latched_yaw_rotation is stuck at Zero
WARNING - synthesis: Bit 8 of Register \pwm_generator/m1_rate is stuck at Zero
WARNING - synthesis: Bit 9 of Register \pwm_generator/m1_rate is stuck at Zero
WARNING - synthesis: Bit 8 of Register \pwm_generator/m2_rate is stuck at Zero
WARNING - synthesis: Bit 9 of Register \pwm_generator/m2_rate is stuck at Zero
WARNING - synthesis: Bit 8 of Register \pwm_generator/m3_rate is stuck at Zero
WARNING - synthesis: Bit 9 of Register \pwm_generator/m3_rate is stuck at Zero
WARNING - synthesis: Bit 8 of Register \pwm_generator/m4_rate is stuck at Zero
WARNING - synthesis: Bit 9 of Register \pwm_generator/m4_rate is stuck at Zero
WARNING - synthesis: Bit 0 of Register \YAAc/yaw_stick_neutral_value is stuck at Zero
WARNING - synthesis: Bit 1 of Register \YAAc/yaw_stick_neutral_value is stuck at Zero
WARNING - synthesis: Bit 2 of Register \YAAc/yaw_stick_neutral_value is stuck at Zero
WARNING - synthesis: Bit 3 of Register \YAAc/yaw_stick_neutral_value is stuck at Zero
WARNING - synthesis: Bit 4 of Register \YAAc/yaw_stick_neutral_value is stuck at Zero
WARNING - synthesis: Bit 5 of Register \YAAc/yaw_stick_neutral_value is stuck at Zero
WARNING - synthesis: Bit 6 of Register \YAAc/yaw_stick_neutral_value is stuck at Zero
WARNING - synthesis: Bit 7 of Register \YAAc/yaw_stick_neutral_value is stuck at Zero
WARNING - synthesis: Bit 0 of Register \AC/throttle_rate_out is stuck at Zero
WARNING - synthesis: Bit 1 of Register \AC/throttle_rate_out is stuck at Zero
WARNING - synthesis: Bit 2 of Register \AC/throttle_rate_out is stuck at Zero
WARNING - synthesis: Bit 3 of Register \AC/throttle_rate_out is stuck at Zero
WARNING - synthesis: Bit 12 of Register \AC/throttle_rate_out is stuck at Zero
WARNING - synthesis: Bit 13 of Register \AC/throttle_rate_out is stuck at Zero
WARNING - synthesis: Bit 14 of Register \AC/throttle_rate_out is stuck at Zero
WARNING - synthesis: Bit 15 of Register \AC/throttle_rate_out is stuck at Zero

The number of registers created due to operator pipelining is 8.

Analyzing Verilog file C:/lscc/diamond/3.11_x64/ispfpga/userware/NT/SYNTHESIS_HEADERS/machxo3l.v. VERI-1482
Analyzing Verilog file mult_14u_2u.v. VERI-1482
WARNING - synthesis: c:/users/mintbox/documents/latticediamondprojects/ethans-fork-drone2-capstone/drone2_ls_capstone/source-code/drone2ethanfork/impl1/source/angle_controller.v(194): input port a[13] is not connected on this instance. VDB-1013
Analyzing Verilog file C:/lscc/diamond/3.11_x64/ispfpga/userware/NT/SYNTHESIS_HEADERS/machxo3l.v. VERI-1482
Analyzing Verilog file mult_14u_2u.v. VERI-1482
INFO - synthesis: C:/lscc/diamond/3.11_x64/ispfpga/userware/NT/SYNTHESIS_HEADERS/machxo3l.v(1120): replacing existing cell VHI. VERI-1108
INFO - synthesis: C:/lscc/diamond/3.11_x64/ispfpga/userware/NT/SYNTHESIS_HEADERS/machxo3l.v(43): replacing existing cell AND2. VERI-1108
INFO - synthesis: C:/lscc/diamond/3.11_x64/ispfpga/userware/NT/SYNTHESIS_HEADERS/machxo3l.v(138): replacing existing cell FADD2B. VERI-1108
INFO - synthesis: C:/lscc/diamond/3.11_x64/ispfpga/userware/NT/SYNTHESIS_HEADERS/machxo3l.v(684): replacing existing cell MULT2. VERI-1108
INFO - synthesis: C:/lscc/diamond/3.11_x64/ispfpga/userware/NT/SYNTHESIS_HEADERS/machxo3l.v(1124): replacing existing cell VLO. VERI-1108
INFO - synthesis: mult_14u_2u.v(8): replacing existing cell mult_14u_2u. VERI-1108
WARNING - synthesis: c:/users/mintbox/documents/latticediamondprojects/ethans-fork-drone2-capstone/drone2_ls_capstone/source-code/drone2ethanfork/impl1/source/angle_controller.v(195): input port a[13] is not connected on this instance. VDB-1013
WARNING - synthesis: I/O Port aux1_pwm 's net has no driver and is unused.
WARNING - synthesis: I/O Port aux2_pwm 's net has no driver and is unused.
WARNING - synthesis: I/O Port force_i2c_stall_input_n 's net has no driver and is unused.
WARNING - synthesis: Skipping pad insertion on sda_1 due to black_box_pad_pin attribute.
WARNING - synthesis: Skipping pad insertion on sda_2 due to black_box_pad_pin attribute.
WARNING - synthesis: Skipping pad insertion on scl_1 due to black_box_pad_pin attribute.
WARNING - synthesis: Skipping pad insertion on scl_2 due to black_box_pad_pin attribute.
WARNING - synthesis: c:/users/mintbox/documents/latticediamondprojects/ethans-fork-drone2-capstone/drone2_ls_capstone/source-code/drone2ethanfork/impl1/source/i2c_module_top.v(1039): Latch \I2C_Devices/i2c/next_addr_7__I_0_i4 input is stuck at Zero

WARNING - synthesis: c:/users/mintbox/documents/latticediamondprojects/ethans-fork-drone2-capstone/drone2_ls_capstone/source-code/drone2ethanfork/impl1/source/i2c_module_top.v(1039): Latch \I2C_Devices/i2c/next_addr_7__I_0_i5 input is stuck at Zero

WARNING - synthesis: c:/users/mintbox/documents/latticediamondprojects/ethans-fork-drone2-capstone/drone2_ls_capstone/source-code/drone2ethanfork/impl1/source/i2c_module_top.v(1039): Latch \I2C_Devices/i2c/next_addr_7__I_0_i6 input is stuck at Zero

WARNING - synthesis: c:/users/mintbox/documents/latticediamondprojects/ethans-fork-drone2-capstone/drone2_ls_capstone/source-code/drone2ethanfork/impl1/source/i2c_module_top.v(1039): Latch \I2C_Devices/i2c/next_addr_7__I_0_i8 input is stuck at Zero

WARNING - synthesis: Bit 0 of Register \I2C_Devices/i2c/addr is stuck at Zero
WARNING - synthesis: Bit 2 of Register \I2C_Devices/i2c/addr is stuck at Zero
WARNING - synthesis: Bit 3 of Register \I2C_Devices/i2c/addr is stuck at Zero
WARNING - synthesis: Bit 4 of Register \I2C_Devices/i2c/addr is stuck at Zero
WARNING - synthesis: c:/users/mintbox/documents/latticediamondprojects/ethans-fork-drone2-capstone/drone2_ls_capstone/source-code/drone2ethanfork/impl1/source/z_linear_velocity_comp.v(63): Register \ZLV/z_linear_velocity_calc_i0_i0 is stuck at Zero. VDB-5013
WARNING - synthesis: c:/users/mintbox/documents/latticediamondprojects/ethans-fork-drone2-capstone/drone2_ls_capstone/source-code/drone2ethanfork/impl1/source/throttle_controller.v(252): Register \TC/latched_throttle__i0 is stuck at Zero. VDB-5013
WARNING - synthesis: c:/users/mintbox/documents/latticediamondprojects/ethans-fork-drone2-capstone/drone2_ls_capstone/source-code/drone2ethanfork/impl1/source/motor_mixer.v(228): Register \motor_mixer/n_throttle_rate_i0 is stuck at Zero. VDB-5013
WARNING - synthesis: c:/users/mintbox/documents/latticediamondprojects/ethans-fork-drone2-capstone/drone2_ls_capstone/source-code/drone2ethanfork/impl1/source/i2c_device_driver.v(365): Register \I2C_Devices/slave_address_i2 is stuck at Zero. VDB-5013
WARNING - synthesis: c:/users/mintbox/documents/latticediamondprojects/ethans-fork-drone2-capstone/drone2_ls_capstone/source-code/drone2ethanfork/impl1/source/uart_top.v(210): Register \uart/dat_i_i15 is stuck at Zero. VDB-5013
WARNING - synthesis: c:/users/mintbox/documents/latticediamondprojects/ethans-fork-drone2-capstone/drone2_ls_capstone/source-code/drone2ethanfork/impl1/source/intface.v(376): Register \uart/uart_core_inst/u_intface/thr_nonfifo_i0_i7 is stuck at Zero. VDB-5013
WARNING - synthesis: c:/users/mintbox/documents/latticediamondprojects/ethans-fork-drone2-capstone/drone2_ls_capstone/source-code/drone2ethanfork/impl1/source/intface.v(231): Register \uart/uart_core_inst/u_intface/divisor_i0_i7 is stuck at Zero. VDB-5013
WARNING - synthesis: c:/users/mintbox/documents/latticediamondprojects/ethans-fork-drone2-capstone/drone2_ls_capstone/source-code/drone2ethanfork/impl1/source/i2c_device_driver.v(365): Register \I2C_Devices/slave_address_i0 is stuck at One. VDB-5014
WARNING - synthesis: c:/users/mintbox/documents/latticediamondprojects/ethans-fork-drone2-capstone/drone2_ls_capstone/source-code/drone2ethanfork/impl1/source/txmitt.v(393): Register \uart/uart_core_inst/u_txmitt/tsr_i7 is stuck at Zero. VDB-5013
Optimized async. reset : \I2C_Devices/i2c/resetn_N_1157 on data cone feeding flop : 


 \YAAc/body_yaw_angle_target_tracking_i0_i1


 \YAAc/body_yaw_angle_target_tracking_i0_i0


 \YAAc/body_yaw_angle_target_tracking_i0_i2


 \YAAc/body_yaw_angle_target_tracking_i0_i3


 \YAAc/body_yaw_angle_target_tracking_i0_i4


 \YAAc/body_yaw_angle_target_tracking_i0_i5


 \YAAc/body_yaw_angle_target_tracking_i0_i6


 \YAAc/body_yaw_angle_target_tracking_i0_i7


 \YAAc/body_yaw_angle_target_tracking_i0_i8


 \YAAc/body_yaw_angle_target_tracking_i0_i9


 \YAAc/body_yaw_angle_target_tracking_i0_i10


 \YAAc/body_yaw_angle_target_tracking_i0_i11


 \YAAc/body_yaw_angle_target_tracking_i0_i12


 \YAAc/body_yaw_angle_target_tracking_i0_i13


 \YAAc/body_yaw_angle_target_tracking_i0_i14


 \YAAc/body_yaw_angle_target_tracking_i0_i15


Optimized async. reset : \I2C_Devices/i2c/resetn_N_1157 on data cone feeding flop : 


 \YAAc/body_yaw_angle_target_tracking_temp_i0_i1


 \YAAc/body_yaw_angle_target_tracking_temp_i0_i0


 \YAAc/body_yaw_angle_target_tracking_temp_i0_i2


 \YAAc/body_yaw_angle_target_tracking_temp_i0_i3


 \YAAc/body_yaw_angle_target_tracking_temp_i0_i4


 \YAAc/body_yaw_angle_target_tracking_temp_i0_i5


 \YAAc/body_yaw_angle_target_tracking_temp_i0_i6


 \YAAc/body_yaw_angle_target_tracking_temp_i0_i7


 \YAAc/body_yaw_angle_target_tracking_temp_i0_i8


 \YAAc/body_yaw_angle_target_tracking_temp_i0_i9


 \YAAc/body_yaw_angle_target_tracking_temp_i0_i10


 \YAAc/body_yaw_angle_target_tracking_temp_i0_i11


 \YAAc/body_yaw_angle_target_tracking_temp_i0_i12


 \YAAc/body_yaw_angle_target_tracking_temp_i0_i13


 \YAAc/body_yaw_angle_target_tracking_temp_i0_i14


 \YAAc/body_yaw_angle_target_tracking_temp_i0_i15


Optimized async. reset : \I2C_Devices/i2c/resetn_N_1157 on data cone feeding flop : 


 \YAAc/latched_yaw_stick_normalized__i2


 \YAAc/latched_yaw_stick_normalized__i1


 \YAAc/latched_yaw_stick_normalized__i3


 \YAAc/latched_yaw_stick_normalized__i4


 \YAAc/latched_yaw_stick_normalized__i5


 \YAAc/latched_yaw_stick_normalized__i6


 \YAAc/latched_yaw_stick_normalized__i7


 \YAAc/latched_yaw_stick_normalized__i8


 \YAAc/latched_yaw_stick_normalized__i9


 \YAAc/latched_yaw_stick_normalized__i10


 \YAAc/latched_yaw_stick_normalized__i11


 \YAAc/latched_yaw_stick_normalized__i12


Optimized async. reset : \I2C_Devices/i2c/resetn_N_1157 on data cone feeding flop : 


 \YAAc/body_yaw_angle_target_i0_i1


 \YAAc/body_yaw_angle_target_i0_i0


 \YAAc/body_yaw_angle_target_i0_i2


 \YAAc/body_yaw_angle_target_i0_i3


 \YAAc/body_yaw_angle_target_i0_i4


 \YAAc/body_yaw_angle_target_i0_i5


 \YAAc/body_yaw_angle_target_i0_i6


 \YAAc/body_yaw_angle_target_i0_i7


 \YAAc/body_yaw_angle_target_i0_i8


 \YAAc/body_yaw_angle_target_i0_i9


 \YAAc/body_yaw_angle_target_i0_i10


 \YAAc/body_yaw_angle_target_i0_i11


 \YAAc/body_yaw_angle_target_i0_i12


 \YAAc/body_yaw_angle_target_i0_i13


 \YAAc/body_yaw_angle_target_i0_i14


 \YAAc/body_yaw_angle_target_i0_i15


Optimized async. reset : \I2C_Devices/i2c/resetn_N_1157 on data cone feeding flop : 


 \YAAc/yaw_angle_error_i0_i1


 \YAAc/yaw_angle_error_i0_i0


 \YAAc/yaw_angle_error_i0_i2


 \YAAc/yaw_angle_error_i0_i3


 \YAAc/yaw_angle_error_i0_i4


 \YAAc/yaw_angle_error_i0_i5


 \YAAc/yaw_angle_error_i0_i6


 \YAAc/yaw_angle_error_i0_i7


 \YAAc/yaw_angle_error_i0_i8


 \YAAc/yaw_angle_error_i0_i9


 \YAAc/yaw_angle_error_i0_i10


 \YAAc/yaw_angle_error_i0_i11


 \YAAc/yaw_angle_error_i0_i12


 \YAAc/yaw_angle_error_i0_i13


 \YAAc/yaw_angle_error_i0_i14


 \YAAc/yaw_angle_error_i0_i15


Optimized async. reset : \I2C_Devices/i2c/resetn_N_1157 on data cone feeding flop : 


 \YAAc/old_yaw_angle_error_i0_i0


 \YAAc/old_body_yaw_angle_target_tracking_i0_i0


 \YAAc/yaw_angle_error_out_i0_i0


 \YAAc/yaw_angle_error_out_i0_i1


 \YAAc/old_yaw_angle_imu_i0_i0


 \YAAc/yaw_angle_error_out_i0_i2


 \YAAc/yaw_angle_error_out_i0_i3


 \YAAc/yaw_angle_error_out_i0_i4


 \YAAc/yaw_angle_error_out_i0_i5


 \YAAc/yaw_angle_error_out_i0_i6


 \YAAc/yaw_angle_error_out_i0_i7


 \YAAc/yaw_angle_error_out_i0_i8


 \YAAc/yaw_angle_error_out_i0_i9


 \YAAc/yaw_angle_error_out_i0_i10


 \YAAc/yaw_angle_error_out_i0_i11


 \YAAc/yaw_angle_error_out_i0_i12


 \YAAc/yaw_angle_error_out_i0_i13


 \YAAc/yaw_angle_error_out_i0_i14


 \YAAc/yaw_angle_error_out_i0_i15


 \YAAc/old_body_yaw_angle_target_tracking_i0_i1


 \YAAc/old_body_yaw_angle_target_tracking_i0_i2


 \YAAc/old_body_yaw_angle_target_tracking_i0_i3


 \YAAc/old_body_yaw_angle_target_tracking_i0_i4


 \YAAc/old_body_yaw_angle_target_tracking_i0_i5


 \YAAc/old_body_yaw_angle_target_tracking_i0_i6


 \YAAc/old_body_yaw_angle_target_tracking_i0_i7


 \YAAc/old_body_yaw_angle_target_tracking_i0_i8


 \YAAc/old_body_yaw_angle_target_tracking_i0_i9


 \YAAc/old_body_yaw_angle_target_tracking_i0_i10


 \YAAc/old_body_yaw_angle_target_tracking_i0_i11


 \YAAc/old_body_yaw_angle_target_tracking_i0_i12


 \YAAc/old_body_yaw_angle_target_tracking_i0_i13


 \YAAc/old_body_yaw_angle_target_tracking_i0_i14


 \YAAc/old_body_yaw_angle_target_tracking_i0_i15


 \YAAc/old_yaw_angle_error_i0_i1


 \YAAc/old_yaw_angle_error_i0_i2


 \YAAc/old_yaw_angle_error_i0_i3


 \YAAc/old_yaw_angle_error_i0_i4


 \YAAc/old_yaw_angle_error_i0_i5


 \YAAc/old_yaw_angle_error_i0_i6


 \YAAc/old_yaw_angle_error_i0_i7


 \YAAc/old_yaw_angle_error_i0_i8


 \YAAc/old_yaw_angle_error_i0_i9


 \YAAc/old_yaw_angle_error_i0_i10


 \YAAc/old_yaw_angle_error_i0_i11


 \YAAc/old_yaw_angle_error_i0_i12


 \YAAc/old_yaw_angle_error_i0_i13


 \YAAc/old_yaw_angle_error_i0_i14


 \YAAc/old_yaw_angle_error_i0_i15


 \YAAc/old_yaw_angle_imu_i0_i1


 \YAAc/old_yaw_angle_imu_i0_i2


 \YAAc/old_yaw_angle_imu_i0_i3


 \YAAc/old_yaw_angle_imu_i0_i4


 \YAAc/old_yaw_angle_imu_i0_i5


 \YAAc/old_yaw_angle_imu_i0_i6


 \YAAc/old_yaw_angle_imu_i0_i7


 \YAAc/old_yaw_angle_imu_i0_i8


 \YAAc/old_yaw_angle_imu_i0_i9


 \YAAc/old_yaw_angle_imu_i0_i10


 \YAAc/old_yaw_angle_imu_i0_i11


 \YAAc/old_yaw_angle_imu_i0_i12


 \YAAc/old_yaw_angle_imu_i0_i13


 \YAAc/old_yaw_angle_imu_i0_i14


 \YAAc/old_yaw_angle_imu_i0_i15


Optimized async. reset : \I2C_Devices/i2c/resetn_N_1157 on data cone feeding flop : 


 \YAAc/yaw_stick_neutral_value__i2


 \YAAc/yaw_stick_neutral_value__i1


 \YAAc/yaw_stick_neutral_value__i3


 \YAAc/yaw_stick_neutral_value__i4


 \YAAc/yaw_stick_neutral_value__i5


 \YAAc/yaw_stick_neutral_value__i6


 \YAAc/yaw_stick_neutral_value__i7


 \YAAc/yaw_stick_neutral_value__i8


Optimized async. reset : \I2C_Devices/i2c/resetn_N_1157 on data cone feeding flop : 


 \YAAc/latched_yaw_pwm_value__i1


 \YAAc/latched_yaw_pwm_value__i2


 \YAAc/latched_yaw_angle_imu__i0


 \YAAc/latched_throttle_pwm_value__i1


 \YAAc/latched_yaw_pwm_value__i3


 \YAAc/latched_yaw_pwm_value__i4


 \YAAc/latched_yaw_pwm_value__i5


 \YAAc/latched_yaw_pwm_value__i6


 \YAAc/latched_yaw_pwm_value__i7


 \YAAc/latched_yaw_pwm_value__i8


 \YAAc/latched_yaw_angle_imu__i1


 \YAAc/latched_yaw_angle_imu__i2


 \YAAc/latched_yaw_angle_imu__i3


 \YAAc/latched_yaw_angle_imu__i4


 \YAAc/latched_yaw_angle_imu__i5


 \YAAc/latched_yaw_angle_imu__i6


 \YAAc/latched_yaw_angle_imu__i7


 \YAAc/latched_yaw_angle_imu__i8


 \YAAc/latched_yaw_angle_imu__i9


 \YAAc/latched_yaw_angle_imu__i10


 \YAAc/latched_yaw_angle_imu__i11


 \YAAc/latched_yaw_angle_imu__i12


 \YAAc/latched_yaw_angle_imu__i13


 \YAAc/latched_yaw_angle_imu__i14


 \YAAc/latched_yaw_angle_imu__i15


 \YAAc/latched_throttle_pwm_value__i2


 \YAAc/latched_throttle_pwm_value__i3


 \YAAc/latched_throttle_pwm_value__i4


 \YAAc/latched_throttle_pwm_value__i5


 \YAAc/latched_throttle_pwm_value__i6


 \YAAc/latched_throttle_pwm_value__i7


Optimized async. reset : \I2C_Devices/i2c/resetn_N_1157 on data cone feeding flop : 


 \YAAc/yaw_angle_error_temp_i0_i1


 \YAAc/yaw_angle_error_temp_i0_i0


 \YAAc/yaw_angle_error_temp_i0_i2


 \YAAc/yaw_angle_error_temp_i0_i3


 \YAAc/yaw_angle_error_temp_i0_i4


 \YAAc/yaw_angle_error_temp_i0_i5


 \YAAc/yaw_angle_error_temp_i0_i6


 \YAAc/yaw_angle_error_temp_i0_i7


 \YAAc/yaw_angle_error_temp_i0_i8


 \YAAc/yaw_angle_error_temp_i0_i9


 \YAAc/yaw_angle_error_temp_i0_i10


 \YAAc/yaw_angle_error_temp_i0_i11


 \YAAc/yaw_angle_error_temp_i0_i12


 \YAAc/yaw_angle_error_temp_i0_i13


 \YAAc/yaw_angle_error_temp_i0_i14


 \YAAc/yaw_angle_error_temp_i0_i15


Optimized async. reset : \I2C_Devices/i2c/resetn_N_1157 on data cone feeding flop : 


 \YAAc/yaw_stick_out_of_neutral_window_761


Optimized async. reset : \I2C_Devices/i2c/resetn_N_1157 on data cone feeding flop : 


 \I2C_Devices/i2c_state__i2


 \I2C_Devices/i2c_state__i1


WARNING - synthesis: c:/users/mintbox/documents/latticediamondprojects/ethans-fork-drone2-capstone/drone2_ls_capstone/source-code/drone2ethanfork/impl1/source/angle_controller.v(132): Register \AC/latched_throttle_i0 is stuck at Zero. VDB-5013
WARNING - synthesis: c:/users/mintbox/documents/latticediamondprojects/ethans-fork-drone2-capstone/drone2_ls_capstone/source-code/drone2ethanfork/impl1/source/angle_controller.v(261): Register \AC/mapped_throttle__i1 is stuck at Zero. VDB-5013
WARNING - synthesis: c:/users/mintbox/documents/latticediamondprojects/ethans-fork-drone2-capstone/drone2_ls_capstone/source-code/drone2ethanfork/impl1/source/yaw_angle_accumulator.v(567): Register \YAAc/old_yaw_angle_imu_i0_i15 is stuck at Zero. VDB-5013
WARNING - synthesis: c:/users/mintbox/documents/latticediamondprojects/ethans-fork-drone2-capstone/drone2_ls_capstone/source-code/drone2ethanfork/impl1/source/yaw_angle_accumulator.v(586): Register \YAAc/latched_throttle_pwm_value__i1 is stuck at Zero. VDB-5013
WARNING - synthesis: c:/users/mintbox/documents/latticediamondprojects/ethans-fork-drone2-capstone/drone2_ls_capstone/source-code/drone2ethanfork/impl1/source/pwm_generator.v(131): Register \pwm_generator/m3_rate__i1 is stuck at Zero. VDB-5013
WARNING - synthesis: c:/users/mintbox/documents/latticediamondprojects/ethans-fork-drone2-capstone/drone2_ls_capstone/source-code/drone2ethanfork/impl1/source/yaw_angle_accumulator.v(545): Register \YAAc/yaw_stick_out_of_neutral_window_761 is stuck at Zero. VDB-5013
GSR instance connected to net resetn.
Duplicate register/latch removal. \I2C_Devices/i2c/next_stb_I_0 is a one-to-one match with \I2C_Devices/i2c/next_addr_7__I_0_i7.
Duplicate register/latch removal. \uart/dat_i_i5 is a one-to-one match with \uart/dat_i_i4.
Duplicate register/latch removal. \I2C_Devices/i2c/stb_689 is a one-to-one match with \I2C_Devices/i2c/addr_i4.
Duplicate register/latch removal. \uart/uart_core_inst/u_intface/thr_nonfifo_i0_i4 is a one-to-one match with \uart/uart_core_inst/u_intface/thr_nonfifo_i0_i5.
Duplicate register/latch removal. \uart/uart_core_inst/u_intface/lcr__i5 is a one-to-one match with \uart/uart_core_inst/u_intface/lcr__i6.
Duplicate register/latch removal. \uart/uart_core_inst/u_intface/divisor_i0_i4 is a one-to-one match with \uart/uart_core_inst/u_intface/divisor_i0_i5.
Applying 38.000000 MHz constraint to all clocks

WARNING - synthesis: No user .sdc file.
Results of NGD DRC are available in drone2_drc.log.
Loading NGL library 'C:/lscc/diamond/3.11_x64/ispfpga/xo2c00a/data/xo2alib.ngl'...
Loading NGL library 'C:/lscc/diamond/3.11_x64/ispfpga/xo2c00/data/xo2clib.ngl'...
Loading NGL library 'C:/lscc/diamond/3.11_x64/ispfpga/mg5g00/data/mg5glib.ngl'...
Loading NGL library 'C:/lscc/diamond/3.11_x64/ispfpga/or5g00/data/orc5glib.ngl'...
WARNING - synthesis: logical net 'aux1_pwm' has no load.
WARNING - synthesis: input pad net 'aux1_pwm' has no legal load.
WARNING - synthesis: logical net 'aux2_pwm' has no load.
WARNING - synthesis: input pad net 'aux2_pwm' has no legal load.
WARNING - synthesis: logical net 'force_i2c_stall_input_n' has no load.
WARNING - synthesis: input pad net 'force_i2c_stall_input_n' has no legal load.
WARNING - synthesis: DRC complete with 6 warnings.
All blocks are expanded and NGD expansion is successful.
Writing NGD file Drone2EthanFork_impl1.ngd.

################### Begin Area Report (drone2)######################
Number of register bits => 1057 of 7485 (14 % )
BB => 4
CCU2D => 224
EFB => 1
FD1P3AX => 219
FD1P3AY => 11
FD1P3BX => 11
FD1P3DX => 16
FD1P3IX => 152
FD1P3JX => 49
FD1S1A => 17
FD1S1AY => 3
FD1S1D => 55
FD1S1I => 14
FD1S3AX => 179
FD1S3AY => 68
FD1S3BX => 53
FD1S3DX => 86
FD1S3IX => 111
FD1S3JX => 13
GSR => 1
IB => 7
INV => 1
L6MUX21 => 41
LUT4 => 2013
OB => 17
OSCH => 1
PFUMX => 235
ROM256X1A => 6
################### End Area Report ##################

################### Begin BlackBox Report ######################
TSALL => 1
################### End BlackBox Report ##################

################### Begin Clock Report ######################
Clock Nets
Number of Clocks: 65
  Net : sys_clk, loads : 612
  Net : us_clk_divider/us_clk, loads : 315
  Net : I2C_Devices/i2c/data_latch, loads : 20
  Net : I2C_Devices/next_addr_7__N_1168, loads : 25
  Net : AMC/next_auto_state_8__N_1765, loads : 9
  Net : ZLV/next_state_4__N_1576, loads : 5
  Net : AMC/next_state_4__N_1669, loads : 5
  Net : I2C_Devices/VL53L1X_data_rx_reg_4__3__N_642, loads : 2
  Net : I2C_Devices/VL53L1X_data_rx_reg_1__7__N_682, loads : 2
  Net : I2C_Devices/VL53L1X_data_rx_reg_7__3__N_498, loads : 2
  Net : I2C_Devices/VL53L1X_data_rx_reg_1__6__N_688, loads : 2
  Net : I2C_Devices/VL53L1X_data_rx_reg_7__1__N_510, loads : 2
  Net : I2C_Devices/VL53L1X_data_rx_reg_1__5__N_694, loads : 2
  Net : I2C_Devices/VL53L1X_data_rx_reg_6__7__N_522, loads : 2
  Net : I2C_Devices/VL53L1X_data_rx_reg_1__4__N_700, loads : 2
  Net : I2C_Devices/VL53L1X_data_rx_reg_6__5__N_534, loads : 2
  Net : I2C_Devices/VL53L1X_data_rx_reg_1__3__N_706, loads : 2
  Net : I2C_Devices/VL53L1X_data_rx_reg_6__3__N_546, loads : 2
  Net : I2C_Devices/VL53L1X_data_rx_reg_1__2__N_712, loads : 2
  Net : I2C_Devices/VL53L1X_data_rx_reg_6__1__N_558, loads : 2
  Net : I2C_Devices/VL53L1X_data_rx_reg_1__1__N_718, loads : 2
  Net : I2C_Devices/VL53L1X_data_rx_reg_5__7__N_570, loads : 2
  Net : I2C_Devices/VL53L1X_data_rx_reg_1__0__N_724, loads : 2
  Net : I2C_Devices/VL53L1X_data_rx_reg_5__5__N_582, loads : 2
  Net : I2C_Devices/VL53L1X_data_rx_reg_0__7__N_730, loads : 2
  Net : I2C_Devices/VL53L1X_data_rx_reg_5__3__N_594, loads : 2
  Net : I2C_Devices/VL53L1X_data_rx_reg_0__6__N_736, loads : 2
  Net : I2C_Devices/VL53L1X_data_rx_reg_5__1__N_606, loads : 2
  Net : I2C_Devices/VL53L1X_data_rx_reg_0__5__N_742, loads : 2
  Net : I2C_Devices/VL53L1X_data_rx_reg_4__7__N_618, loads : 2
  Net : I2C_Devices/VL53L1X_data_rx_reg_0__4__N_748, loads : 2
  Net : I2C_Devices/VL53L1X_data_rx_reg_4__5__N_630, loads : 2
  Net : I2C_Devices/VL53L1X_data_rx_reg_0__3__N_754, loads : 2
  Net : I2C_Devices/VL53L1X_data_rx_reg_4__6__N_624, loads : 2
  Net : I2C_Devices/VL53L1X_data_rx_reg_4__4__N_636, loads : 2
  Net : I2C_Devices/VL53L1X_data_rx_reg_4__1__N_654, loads : 2
  Net : I2C_Devices/VL53L1X_data_rx_reg_4__2__N_648, loads : 2
  Net : I2C_Devices/VL53L1X_data_rx_reg_7__2__N_504, loads : 2
  Net : I2C_Devices/VL53L1X_data_rx_reg_0__2__N_760, loads : 2
  Net : I2C_Devices/VL53L1X_data_rx_reg_6__6__N_528, loads : 2
  Net : I2C_Devices/VL53L1X_data_rx_reg_0__1__N_766, loads : 2
  Net : I2C_Devices/VL53L1X_data_rx_reg_6__2__N_552, loads : 2
  Net : I2C_Devices/VL53L1X_data_rx_reg_0__0__N_772, loads : 2
  Net : I2C_Devices/VL53L1X_data_rx_reg_5__6__N_576, loads : 2
  Net : I2C_Devices/VL53L1X_data_rx_reg_index_5__N_439, loads : 2
  Net : I2C_Devices/VL53L1X_data_rx_reg_5__2__N_600, loads : 2
  Net : I2C_Devices/VL53L1X_data_rx_reg_index_5__N_442, loads : 2
  Net : I2C_Devices/VL53L1X_data_rx_reg_7__4__N_492, loads : 2
  Net : I2C_Devices/VL53L1X_data_rx_reg_index_5__N_445, loads : 2
  Net : I2C_Devices/VL53L1X_data_rx_reg_7__0__N_516, loads : 2
  Net : receiver/throttle_reader/resetn_derived_2, loads : 13
  Net : I2C_Devices/VL53L1X_data_rx_reg_6__0__N_564, loads : 2
  Net : I2C_Devices/i2c/byte_rd_left_5__N_1266, loads : 2
  Net : I2C_Devices/VL53L1X_data_rx_reg_5__0__N_612, loads : 2
  Net : I2C_Devices/VL53L1X_data_rx_reg_7__7__N_473, loads : 2
  Net : I2C_Devices/VL53L1X_data_rx_reg_6__4__N_540, loads : 2
  Net : I2C_Devices/i2c/byte_rd_left_5__N_1265, loads : 2
  Net : I2C_Devices/VL53L1X_data_rx_reg_4__0__N_660, loads : 2
  Net : I2C_Devices/VL53L1X_data_rx_reg_7__6__N_480, loads : 2
  Net : I2C_Devices/VL53L1X_data_rx_reg_5__4__N_588, loads : 2
  Net : I2C_Devices/VL53L1X_data_rx_reg_7__5__N_486, loads : 2
  Net : i2c2_scli, loads : 1
  Net : I2C_Devices/i2c/next_ack_flag_N_1498, loads : 1
  Net : i2c1_scli, loads : 1
  Net : AMC/next_complete_signal_N_1862, loads : 1
Clock Enable Nets
Number of Clock Enables: 61
Top 10 highest fanout Clock Enables:
  Net : I2C_Devices/sys_clk_enable_123, loads : 50
  Net : AMC/us_clk_enable_66, loads : 28
  Net : I2C_Devices/sys_clk_enable_108, loads : 22
  Net : I2C_Devices/sys_clk_enable_224, loads : 20
  Net : uart/uart_core_inst/u_txmitt/sys_clk_enable_237, loads : 17
  Net : uart/uart_core_inst/u_rxcver/sys_clk_enable_156, loads : 16
  Net : ZLV/sys_clk_enable_252, loads : 16
  Net : ZLV/sys_clk_enable_251, loads : 16
  Net : ZLV/sys_clk_enable_257, loads : 15
  Net : I2C_Devices/i2c/count_us_11__N_1299, loads : 15
Highest fanout non-clock nets
Top 10 highest fanout non-clock nets:
  Net : I2C_Devices/next_i2c_device_driver_state_0, loads : 157
  Net : I2C_Devices/n53892, loads : 138
  Net : I2C_Devices/next_i2c_device_driver_state_2, loads : 118
  Net : uart/tx_byte_index_1, loads : 116
  Net : I2C_Devices/i2c/i2c_top_debug_1, loads : 103
  Net : resetn, loads : 100
  Net : I2C_Devices/next_i2c_device_driver_state_3, loads : 94
  Net : I2C_Devices/i2c/i2c_top_debug_0, loads : 93
  Net : uart/tx_byte_index_0, loads : 90
  Net : I2C_Devices/next_i2c_device_driver_state_4, loads : 64
################### End Clock Report ##################

Timing Report Summary
--------------
--------------------------------------------------------------------------------
Constraint                              |   Constraint|       Actual|Levels
--------------------------------------------------------------------------------
                                        |             |             |
create_clock -period 26.315789 -name    |             |             |
clk8 [get_nets                          |             |             |
\ZLV/next_state_4__N_1576]              |            -|            -|     0  
                                        |             |             |
create_clock -period 26.315789 -name    |             |             |
clk7 [get_nets                          |             |             |
\AMC/next_state_4__N_1669]              |            -|            -|     0  
                                        |             |             |
create_clock -period 26.315789 -name    |             |             |
clk6 [get_nets                          |             |             |
\AMC/next_complete_signal_N_1862]       |            -|            -|     0  
                                        |             |             |
create_clock -period 26.315789 -name    |             |             |
clk5 [get_nets                          |             |             |
\AMC/next_auto_state_8__N_1765]         |            -|            -|     0  
                                        |             |             |
create_clock -period 26.315789 -name    |             |             |
clk4 [get_nets                          |             |             |
\I2C_Devices/i2c/data_latch]            |   38.001 MHz|  168.011 MHz|     4  
                                        |             |             |
create_clock -period 26.315789 -name    |             |             |
clk3 [get_nets                          |             |             |
\I2C_Devices/next_addr_7__N_1168]       |   38.001 MHz|  136.500 MHz|     5  
                                        |             |             |
create_clock -period 26.315789 -name    |             |             |
clk2 [get_nets                          |             |             |
\I2C_Devices/i2c/next_ack_flag_N_1498]  |            -|            -|     0  
                                        |             |             |
create_clock -period 26.315789 -name    |             |             |
clk1 [get_nets us_clk]                  |   38.001 MHz|  100.371 MHz|     7  
                                        |             |             |
create_clock -period 26.315789 -name    |             |             |
clk0 [get_nets sys_clk]                 |   38.001 MHz|   45.704 MHz|     6  
                                        |             |             |
--------------------------------------------------------------------------------


All constraints were met.


Peak Memory Usage: 224.344  MB

--------------------------------------------------------------
Elapsed CPU time for LSE flow : 29.125  secs
--------------------------------------------------------------
